2021-11-04 17:30:30,087 Namespace(eval_interval=1, frequent=10, gpus='', num_workers=4, out_dir='out')
2021-11-04 17:30:30,103 => load 200 samples
2021-11-04 17:30:30,104 => load 200 samples
2021-11-04 17:30:32,691 Epoch: [0][0/200]	Time 2.586s (2.586s)	Speed 12.4 samples/s	Data 1.310s (1.310s)	Loss 2.39779 (2.39779)
2021-11-04 17:30:43,192 Epoch: [0][10/200]	Time 1.044s (1.190s)	Speed 30.6 samples/s	Data 0.001s (0.120s)	Loss 2.39140 (2.39428)
2021-11-04 17:30:53,642 Epoch: [0][20/200]	Time 1.047s (1.121s)	Speed 30.6 samples/s	Data 0.001s (0.063s)	Loss 2.38540 (2.39147)
2021-11-04 17:31:04,103 Epoch: [0][30/200]	Time 1.047s (1.097s)	Speed 30.6 samples/s	Data 0.001s (0.043s)	Loss 2.38243 (2.38897)
2021-11-04 17:31:14,584 Epoch: [0][40/200]	Time 1.046s (1.085s)	Speed 30.6 samples/s	Data 0.001s (0.033s)	Loss 2.37622 (2.38663)
2021-11-04 17:31:25,130 Epoch: [0][50/200]	Time 1.051s (1.079s)	Speed 30.5 samples/s	Data 0.001s (0.026s)	Loss 2.37562 (2.38471)
2021-11-04 17:31:35,646 Epoch: [0][60/200]	Time 1.054s (1.074s)	Speed 30.4 samples/s	Data 0.001s (0.022s)	Loss 2.37413 (2.38309)
2021-11-04 17:31:46,811 Epoch: [0][70/200]	Time 1.052s (1.080s)	Speed 30.4 samples/s	Data 0.001s (0.019s)	Loss 2.37467 (2.38149)
2021-11-04 17:31:57,357 Epoch: [0][80/200]	Time 1.051s (1.077s)	Speed 30.4 samples/s	Data 0.000s (0.017s)	Loss 2.36758 (2.37993)
2021-11-04 17:32:07,867 Epoch: [0][90/200]	Time 1.048s (1.074s)	Speed 30.5 samples/s	Data 0.001s (0.015s)	Loss 2.35952 (2.37832)
2021-11-04 17:32:18,382 Epoch: [0][100/200]	Time 1.051s (1.072s)	Speed 30.4 samples/s	Data 0.001s (0.014s)	Loss 2.36189 (2.37682)
2021-11-04 17:32:28,897 Epoch: [0][110/200]	Time 1.050s (1.070s)	Speed 30.5 samples/s	Data 0.001s (0.013s)	Loss 2.35972 (2.37536)
2021-11-04 17:32:39,414 Epoch: [0][120/200]	Time 1.051s (1.069s)	Speed 30.5 samples/s	Data 0.001s (0.012s)	Loss 2.35812 (2.37392)
2021-11-04 17:32:49,959 Epoch: [0][130/200]	Time 1.050s (1.068s)	Speed 30.5 samples/s	Data 0.001s (0.011s)	Loss 2.35469 (2.37271)
2021-11-04 17:33:00,507 Epoch: [0][140/200]	Time 1.049s (1.067s)	Speed 30.5 samples/s	Data 0.001s (0.010s)	Loss 2.35405 (2.37143)
2021-11-04 17:33:11,003 Epoch: [0][150/200]	Time 1.048s (1.066s)	Speed 30.5 samples/s	Data 0.001s (0.009s)	Loss 2.35182 (2.37036)
2021-11-04 17:33:21,511 Epoch: [0][160/200]	Time 1.058s (1.065s)	Speed 30.2 samples/s	Data 0.001s (0.009s)	Loss 2.35134 (2.36926)
2021-11-04 17:33:32,051 Epoch: [0][170/200]	Time 1.070s (1.064s)	Speed 29.9 samples/s	Data 0.001s (0.008s)	Loss 2.34748 (2.36820)
2021-11-04 17:33:42,810 Epoch: [0][180/200]	Time 1.073s (1.065s)	Speed 29.8 samples/s	Data 0.001s (0.008s)	Loss 2.35236 (2.36722)
2021-11-04 17:33:53,926 Epoch: [0][190/200]	Time 1.113s (1.067s)	Speed 28.7 samples/s	Data 0.002s (0.008s)	Loss 2.35116 (2.36646)
2021-11-04 17:34:24,722 Test: [0/200]	Time 1.113 (1.113)	Loss 2.2609 (2.2609)
2021-11-04 17:34:25,352 Test: [10/200]	Time 0.058 (0.158)	Loss 2.3617 (2.2935)
2021-11-04 17:34:25,929 Test: [20/200]	Time 0.057 (0.110)	Loss 2.3176 (2.2874)
2021-11-04 17:34:26,505 Test: [30/200]	Time 0.057 (0.093)	Loss 2.2418 (2.2848)
2021-11-04 17:34:27,080 Test: [40/200]	Time 0.057 (0.085)	Loss 2.2835 (2.2807)
2021-11-04 17:34:27,655 Test: [50/200]	Time 0.057 (0.079)	Loss 2.2572 (2.2791)
2021-11-04 17:34:28,231 Test: [60/200]	Time 0.057 (0.076)	Loss 2.2514 (2.2795)
2021-11-04 17:34:28,806 Test: [70/200]	Time 0.057 (0.073)	Loss 2.2730 (2.2795)
2021-11-04 17:34:29,380 Test: [80/200]	Time 0.057 (0.071)	Loss 2.2619 (2.2813)
2021-11-04 17:34:29,956 Test: [90/200]	Time 0.057 (0.070)	Loss 2.2526 (2.2800)
2021-11-04 17:34:30,532 Test: [100/200]	Time 0.057 (0.069)	Loss 2.2468 (2.2803)
2021-11-04 17:34:31,107 Test: [110/200]	Time 0.057 (0.068)	Loss 2.2552 (2.2802)
2021-11-04 17:34:31,686 Test: [120/200]	Time 0.057 (0.067)	Loss 2.2474 (2.2809)
2021-11-04 17:34:32,268 Test: [130/200]	Time 0.057 (0.066)	Loss 2.2897 (2.2798)
2021-11-04 17:34:32,846 Test: [140/200]	Time 0.057 (0.066)	Loss 2.2874 (2.2803)
2021-11-04 17:34:33,424 Test: [150/200]	Time 0.057 (0.065)	Loss 2.2801 (2.2810)
2021-11-04 17:34:34,002 Test: [160/200]	Time 0.057 (0.065)	Loss 2.2920 (2.2813)
2021-11-04 17:34:34,607 Test: [170/200]	Time 0.058 (0.064)	Loss 2.3166 (2.2818)
2021-11-04 17:34:35,197 Test: [180/200]	Time 0.057 (0.064)	Loss 2.3194 (2.2827)
2021-11-04 17:34:35,778 Test: [190/200]	Time 0.057 (0.064)	Loss 2.2882 (2.2821)
2021-11-04 17:34:42,052 Mean IoU score: 0.199
2021-11-04 17:34:42,052 => saving checkpoint to out
2021-11-04 17:34:44,500 Epoch: [1][0/200]	Time 2.425s (2.425s)	Speed 13.2 samples/s	Data 1.194s (1.194s)	Loss 2.34870 (2.34870)
2021-11-04 17:34:55,100 Epoch: [1][10/200]	Time 1.053s (1.184s)	Speed 30.4 samples/s	Data 0.001s (0.109s)	Loss 2.34465 (2.34631)
2021-11-04 17:35:05,950 Epoch: [1][20/200]	Time 1.059s (1.137s)	Speed 30.2 samples/s	Data 0.001s (0.058s)	Loss 2.33483 (2.34666)
2021-11-04 17:35:16,890 Epoch: [1][30/200]	Time 1.064s (1.123s)	Speed 30.1 samples/s	Data 0.001s (0.039s)	Loss 2.35593 (2.34625)
2021-11-04 17:35:27,521 Epoch: [1][40/200]	Time 1.054s (1.108s)	Speed 30.4 samples/s	Data 0.001s (0.030s)	Loss 2.34557 (2.34642)
2021-11-04 17:35:38,080 Epoch: [1][50/200]	Time 1.055s (1.098s)	Speed 30.3 samples/s	Data 0.001s (0.024s)	Loss 2.35090 (2.34649)
2021-11-04 17:35:48,671 Epoch: [1][60/200]	Time 1.060s (1.092s)	Speed 30.2 samples/s	Data 0.001s (0.020s)	Loss 2.33998 (2.34635)
2021-11-04 17:35:59,372 Epoch: [1][70/200]	Time 1.090s (1.089s)	Speed 29.4 samples/s	Data 0.001s (0.018s)	Loss 2.34794 (2.34622)
2021-11-04 17:36:10,725 Epoch: [1][80/200]	Time 1.084s (1.094s)	Speed 29.5 samples/s	Data 0.001s (0.016s)	Loss 2.35645 (2.34644)
2021-11-04 17:36:21,635 Epoch: [1][90/200]	Time 1.158s (1.094s)	Speed 27.6 samples/s	Data 0.001s (0.014s)	Loss 2.35032 (2.34687)
2021-11-04 17:36:32,471 Epoch: [1][100/200]	Time 1.065s (1.093s)	Speed 30.1 samples/s	Data 0.001s (0.013s)	Loss 2.34316 (2.34648)
2021-11-04 17:36:43,158 Epoch: [1][110/200]	Time 1.055s (1.091s)	Speed 30.3 samples/s	Data 0.001s (0.012s)	Loss 2.35083 (2.34630)
2021-11-04 17:36:53,788 Epoch: [1][120/200]	Time 1.092s (1.089s)	Speed 29.3 samples/s	Data 0.001s (0.011s)	Loss 2.35378 (2.34650)
2021-11-04 17:37:04,425 Epoch: [1][130/200]	Time 1.062s (1.087s)	Speed 30.1 samples/s	Data 0.001s (0.010s)	Loss 2.34725 (2.34659)
2021-11-04 17:37:15,036 Epoch: [1][140/200]	Time 1.055s (1.085s)	Speed 30.3 samples/s	Data 0.001s (0.009s)	Loss 2.33900 (2.34663)
2021-11-04 17:37:25,840 Epoch: [1][150/200]	Time 1.067s (1.085s)	Speed 30.0 samples/s	Data 0.001s (0.009s)	Loss 2.35108 (2.34669)
2021-11-04 17:37:36,577 Epoch: [1][160/200]	Time 1.069s (1.084s)	Speed 29.9 samples/s	Data 0.001s (0.008s)	Loss 2.34178 (2.34654)
2021-11-04 17:37:47,206 Epoch: [1][170/200]	Time 1.060s (1.083s)	Speed 30.2 samples/s	Data 0.001s (0.008s)	Loss 2.34998 (2.34652)
2021-11-04 17:37:57,815 Epoch: [1][180/200]	Time 1.054s (1.081s)	Speed 30.4 samples/s	Data 0.001s (0.007s)	Loss 2.34079 (2.34630)
2021-11-04 17:38:08,535 Epoch: [1][190/200]	Time 1.052s (1.081s)	Speed 30.4 samples/s	Data 0.001s (0.007s)	Loss 2.34779 (2.34618)
2021-11-04 17:38:39,346 Test: [0/200]	Time 1.104 (1.104)	Loss 2.2588 (2.2588)
2021-11-04 17:38:40,080 Test: [10/200]	Time 0.062 (0.167)	Loss 2.3605 (2.2879)
2021-11-04 17:38:40,700 Test: [20/200]	Time 0.062 (0.117)	Loss 2.3152 (2.2815)
2021-11-04 17:38:41,298 Test: [30/200]	Time 0.058 (0.099)	Loss 2.2330 (2.2787)
2021-11-04 17:38:41,881 Test: [40/200]	Time 0.057 (0.089)	Loss 2.2695 (2.2736)
2021-11-04 17:38:42,460 Test: [50/200]	Time 0.058 (0.083)	Loss 2.2449 (2.2721)
2021-11-04 17:38:43,042 Test: [60/200]	Time 0.058 (0.079)	Loss 2.2444 (2.2726)
2021-11-04 17:38:43,641 Test: [70/200]	Time 0.061 (0.076)	Loss 2.2685 (2.2727)
2021-11-04 17:38:44,217 Test: [80/200]	Time 0.057 (0.074)	Loss 2.2535 (2.2748)
2021-11-04 17:38:44,798 Test: [90/200]	Time 0.057 (0.072)	Loss 2.2425 (2.2737)
2021-11-04 17:38:45,375 Test: [100/200]	Time 0.057 (0.071)	Loss 2.2382 (2.2741)
2021-11-04 17:38:45,953 Test: [110/200]	Time 0.057 (0.069)	Loss 2.2477 (2.2739)
2021-11-04 17:38:46,532 Test: [120/200]	Time 0.057 (0.069)	Loss 2.2429 (2.2747)
2021-11-04 17:38:47,135 Test: [130/200]	Time 0.058 (0.068)	Loss 2.2830 (2.2735)
2021-11-04 17:38:47,719 Test: [140/200]	Time 0.057 (0.067)	Loss 2.2830 (2.2740)
2021-11-04 17:38:48,303 Test: [150/200]	Time 0.058 (0.067)	Loss 2.2698 (2.2747)
2021-11-04 17:38:48,890 Test: [160/200]	Time 0.058 (0.066)	Loss 2.2812 (2.2750)
2021-11-04 17:38:49,477 Test: [170/200]	Time 0.059 (0.066)	Loss 2.3083 (2.2755)
2021-11-04 17:38:50,064 Test: [180/200]	Time 0.057 (0.065)	Loss 2.3121 (2.2764)
2021-11-04 17:38:50,648 Test: [190/200]	Time 0.062 (0.065)	Loss 2.2823 (2.2759)
2021-11-04 17:38:56,957 Mean IoU score: 0.204
2021-11-04 17:38:56,962 => saving checkpoint to out
2021-11-04 17:38:59,782 Epoch: [2][0/200]	Time 2.801s (2.801s)	Speed 11.4 samples/s	Data 1.574s (1.574s)	Loss 2.34563 (2.34563)
2021-11-04 17:39:10,496 Epoch: [2][10/200]	Time 1.068s (1.229s)	Speed 30.0 samples/s	Data 0.001s (0.144s)	Loss 2.34017 (2.34199)
2021-11-04 17:39:21,506 Epoch: [2][20/200]	Time 1.079s (1.168s)	Speed 29.7 samples/s	Data 0.001s (0.076s)	Loss 2.33692 (2.34334)
2021-11-04 17:39:32,162 Epoch: [2][30/200]	Time 1.054s (1.135s)	Speed 30.4 samples/s	Data 0.001s (0.052s)	Loss 2.34677 (2.34461)
2021-11-04 17:39:43,394 Epoch: [2][40/200]	Time 1.108s (1.132s)	Speed 28.9 samples/s	Data 0.001s (0.039s)	Loss 2.34601 (2.34406)
2021-11-04 17:39:54,237 Epoch: [2][50/200]	Time 1.066s (1.123s)	Speed 30.0 samples/s	Data 0.001s (0.032s)	Loss 2.34076 (2.34354)
2021-11-04 17:40:04,864 Epoch: [2][60/200]	Time 1.059s (1.113s)	Speed 30.2 samples/s	Data 0.001s (0.027s)	Loss 2.34331 (2.34339)
2021-11-04 17:40:15,455 Epoch: [2][70/200]	Time 1.072s (1.105s)	Speed 29.9 samples/s	Data 0.001s (0.023s)	Loss 2.34413 (2.34359)
2021-11-04 17:40:26,240 Epoch: [2][80/200]	Time 1.055s (1.102s)	Speed 30.3 samples/s	Data 0.001s (0.020s)	Loss 2.35012 (2.34366)
2021-11-04 17:40:36,968 Epoch: [2][90/200]	Time 1.058s (1.099s)	Speed 30.2 samples/s	Data 0.001s (0.018s)	Loss 2.34402 (2.34372)
2021-11-04 17:40:47,609 Epoch: [2][100/200]	Time 1.059s (1.095s)	Speed 30.2 samples/s	Data 0.001s (0.016s)	Loss 2.33639 (2.34385)
2021-11-04 17:40:58,499 Epoch: [2][110/200]	Time 1.076s (1.095s)	Speed 29.7 samples/s	Data 0.001s (0.015s)	Loss 2.34800 (2.34357)
2021-11-04 17:41:09,552 Epoch: [2][120/200]	Time 1.163s (1.096s)	Speed 27.5 samples/s	Data 0.001s (0.014s)	Loss 2.33310 (2.34337)
2021-11-04 17:41:20,275 Epoch: [2][130/200]	Time 1.078s (1.094s)	Speed 29.7 samples/s	Data 0.001s (0.013s)	Loss 2.33962 (2.34336)
2021-11-04 17:41:30,962 Epoch: [2][140/200]	Time 1.077s (1.092s)	Speed 29.7 samples/s	Data 0.001s (0.012s)	Loss 2.34387 (2.34343)
2021-11-04 17:41:41,829 Epoch: [2][150/200]	Time 1.062s (1.092s)	Speed 30.1 samples/s	Data 0.001s (0.011s)	Loss 2.34698 (2.34331)
2021-11-04 17:41:52,471 Epoch: [2][160/200]	Time 1.058s (1.090s)	Speed 30.3 samples/s	Data 0.001s (0.011s)	Loss 2.34801 (2.34330)
2021-11-04 17:42:03,284 Epoch: [2][170/200]	Time 1.067s (1.089s)	Speed 30.0 samples/s	Data 0.001s (0.010s)	Loss 2.33906 (2.34326)
2021-11-04 17:42:13,960 Epoch: [2][180/200]	Time 1.059s (1.088s)	Speed 30.2 samples/s	Data 0.001s (0.010s)	Loss 2.34229 (2.34342)
2021-11-04 17:42:24,888 Epoch: [2][190/200]	Time 1.053s (1.089s)	Speed 30.4 samples/s	Data 0.001s (0.009s)	Loss 2.34961 (2.34365)
2021-11-04 17:42:55,537 Test: [0/200]	Time 1.137 (1.137)	Loss 2.2514 (2.2514)
2021-11-04 17:42:56,121 Test: [10/200]	Time 0.057 (0.156)	Loss 2.3596 (2.2830)
2021-11-04 17:42:56,702 Test: [20/200]	Time 0.057 (0.110)	Loss 2.3132 (2.2769)
2021-11-04 17:42:57,279 Test: [30/200]	Time 0.057 (0.093)	Loss 2.2281 (2.2742)
2021-11-04 17:42:57,857 Test: [40/200]	Time 0.057 (0.084)	Loss 2.2648 (2.2691)
2021-11-04 17:42:58,455 Test: [50/200]	Time 0.057 (0.080)	Loss 2.2410 (2.2676)
2021-11-04 17:42:59,037 Test: [60/200]	Time 0.057 (0.076)	Loss 2.2393 (2.2680)
2021-11-04 17:42:59,612 Test: [70/200]	Time 0.057 (0.073)	Loss 2.2645 (2.2681)
2021-11-04 17:43:00,189 Test: [80/200]	Time 0.057 (0.071)	Loss 2.2482 (2.2703)
2021-11-04 17:43:00,765 Test: [90/200]	Time 0.057 (0.070)	Loss 2.2330 (2.2689)
2021-11-04 17:43:01,341 Test: [100/200]	Time 0.057 (0.069)	Loss 2.2288 (2.2692)
2021-11-04 17:43:01,917 Test: [110/200]	Time 0.058 (0.068)	Loss 2.2429 (2.2690)
2021-11-04 17:43:02,492 Test: [120/200]	Time 0.057 (0.067)	Loss 2.2368 (2.2698)
2021-11-04 17:43:03,067 Test: [130/200]	Time 0.057 (0.066)	Loss 2.2800 (2.2686)
2021-11-04 17:43:03,644 Test: [140/200]	Time 0.057 (0.066)	Loss 2.2762 (2.2691)
2021-11-04 17:43:04,219 Test: [150/200]	Time 0.057 (0.065)	Loss 2.2664 (2.2698)
2021-11-04 17:43:04,794 Test: [160/200]	Time 0.057 (0.065)	Loss 2.2714 (2.2701)
2021-11-04 17:43:05,371 Test: [170/200]	Time 0.057 (0.064)	Loss 2.3067 (2.2708)
2021-11-04 17:43:05,947 Test: [180/200]	Time 0.057 (0.064)	Loss 2.3094 (2.2717)
2021-11-04 17:43:06,522 Test: [190/200]	Time 0.057 (0.063)	Loss 2.2795 (2.2712)
2021-11-04 17:43:12,763 Mean IoU score: 0.237
2021-11-04 17:43:12,764 => saving checkpoint to out
2021-11-04 17:43:15,493 Epoch: [3][0/200]	Time 2.712s (2.712s)	Speed 11.8 samples/s	Data 1.106s (1.106s)	Loss 2.33987 (2.33987)
2021-11-04 17:43:26,656 Epoch: [3][10/200]	Time 1.099s (1.261s)	Speed 29.1 samples/s	Data 0.001s (0.101s)	Loss 2.34513 (2.34155)
2021-11-04 17:43:37,265 Epoch: [3][20/200]	Time 1.050s (1.166s)	Speed 30.5 samples/s	Data 0.001s (0.054s)	Loss 2.33026 (2.34280)
2021-11-04 17:43:47,769 Epoch: [3][30/200]	Time 1.050s (1.129s)	Speed 30.5 samples/s	Data 0.001s (0.037s)	Loss 2.35847 (2.34310)
2021-11-04 17:43:58,282 Epoch: [3][40/200]	Time 1.053s (1.110s)	Speed 30.4 samples/s	Data 0.001s (0.028s)	Loss 2.34046 (2.34363)
2021-11-04 17:44:08,783 Epoch: [3][50/200]	Time 1.048s (1.098s)	Speed 30.5 samples/s	Data 0.001s (0.022s)	Loss 2.35200 (2.34349)
2021-11-04 17:44:19,316 Epoch: [3][60/200]	Time 1.053s (1.091s)	Speed 30.4 samples/s	Data 0.001s (0.019s)	Loss 2.34673 (2.34355)
2021-11-04 17:44:29,830 Epoch: [3][70/200]	Time 1.047s (1.085s)	Speed 30.6 samples/s	Data 0.001s (0.016s)	Loss 2.34524 (2.34331)
2021-11-04 17:44:40,322 Epoch: [3][80/200]	Time 1.047s (1.081s)	Speed 30.6 samples/s	Data 0.001s (0.014s)	Loss 2.35114 (2.34331)
2021-11-04 17:44:50,831 Epoch: [3][90/200]	Time 1.051s (1.077s)	Speed 30.4 samples/s	Data 0.001s (0.013s)	Loss 2.34293 (2.34320)
2021-11-04 17:45:01,331 Epoch: [3][100/200]	Time 1.049s (1.075s)	Speed 30.5 samples/s	Data 0.001s (0.012s)	Loss 2.34605 (2.34321)
2021-11-04 17:45:12,026 Epoch: [3][110/200]	Time 1.061s (1.074s)	Speed 30.2 samples/s	Data 0.001s (0.011s)	Loss 2.34796 (2.34318)
2021-11-04 17:45:23,117 Epoch: [3][120/200]	Time 1.080s (1.077s)	Speed 29.6 samples/s	Data 0.001s (0.010s)	Loss 2.34012 (2.34316)
2021-11-04 17:45:33,707 Epoch: [3][130/200]	Time 1.057s (1.076s)	Speed 30.3 samples/s	Data 0.001s (0.009s)	Loss 2.33733 (2.34326)
2021-11-04 17:45:44,269 Epoch: [3][140/200]	Time 1.056s (1.074s)	Speed 30.3 samples/s	Data 0.001s (0.009s)	Loss 2.33992 (2.34332)
2021-11-04 17:45:54,828 Epoch: [3][150/200]	Time 1.059s (1.073s)	Speed 30.2 samples/s	Data 0.001s (0.008s)	Loss 2.34657 (2.34321)
2021-11-04 17:46:05,386 Epoch: [3][160/200]	Time 1.052s (1.072s)	Speed 30.4 samples/s	Data 0.001s (0.008s)	Loss 2.34528 (2.34314)
2021-11-04 17:46:16,007 Epoch: [3][170/200]	Time 1.059s (1.071s)	Speed 30.2 samples/s	Data 0.001s (0.007s)	Loss 2.33920 (2.34304)
2021-11-04 17:46:26,599 Epoch: [3][180/200]	Time 1.063s (1.071s)	Speed 30.1 samples/s	Data 0.001s (0.007s)	Loss 2.33784 (2.34308)
2021-11-04 17:46:37,473 Epoch: [3][190/200]	Time 1.071s (1.072s)	Speed 29.9 samples/s	Data 0.001s (0.007s)	Loss 2.35222 (2.34317)
