2021-11-04 19:00:36,662 Namespace(eval_interval=1, frequent=10, gpus='', num_workers=4, out_dir='out')
2021-11-04 19:00:36,694 => load 200 samples
2021-11-04 19:00:36,695 => load 200 samples
2021-11-04 19:00:39,150 Epoch: [0][0/200]	Time 2.454s (2.454s)	Speed 13.0 samples/s	Data 1.250s (1.250s)	Loss 2.53597 (2.53597)
2021-11-04 19:00:49,154 Epoch: [0][10/200]	Time 0.993s (1.133s)	Speed 32.2 samples/s	Data 0.001s (0.114s)	Loss 2.05307 (2.26301)
2021-11-04 19:00:59,090 Epoch: [0][20/200]	Time 0.993s (1.066s)	Speed 32.2 samples/s	Data 0.001s (0.060s)	Loss 1.76613 (2.08526)
2021-11-04 19:01:09,076 Epoch: [0][30/200]	Time 0.995s (1.045s)	Speed 32.2 samples/s	Data 0.001s (0.041s)	Loss 1.51280 (1.93472)
2021-11-04 19:01:19,003 Epoch: [0][40/200]	Time 0.993s (1.032s)	Speed 32.2 samples/s	Data 0.001s (0.031s)	Loss 1.28829 (1.80128)
2021-11-04 19:01:28,944 Epoch: [0][50/200]	Time 0.994s (1.024s)	Speed 32.2 samples/s	Data 0.001s (0.025s)	Loss 1.09665 (1.68035)
2021-11-04 19:01:38,933 Epoch: [0][60/200]	Time 0.998s (1.020s)	Speed 32.1 samples/s	Data 0.001s (0.021s)	Loss 0.92765 (1.56868)
2021-11-04 19:01:48,919 Epoch: [0][70/200]	Time 0.999s (1.017s)	Speed 32.0 samples/s	Data 0.001s (0.018s)	Loss 0.77061 (1.46681)
2021-11-04 19:01:58,931 Epoch: [0][80/200]	Time 1.007s (1.015s)	Speed 31.8 samples/s	Data 0.001s (0.016s)	Loss 0.65904 (1.37337)
2021-11-04 19:02:08,965 Epoch: [0][90/200]	Time 1.005s (1.014s)	Speed 31.9 samples/s	Data 0.001s (0.014s)	Loss 0.57916 (1.28917)
2021-11-04 19:02:19,030 Epoch: [0][100/200]	Time 1.004s (1.013s)	Speed 31.9 samples/s	Data 0.001s (0.013s)	Loss 0.48595 (1.21331)
2021-11-04 19:02:29,156 Epoch: [0][110/200]	Time 1.010s (1.013s)	Speed 31.7 samples/s	Data 0.001s (0.012s)	Loss 0.41551 (1.14468)
2021-11-04 19:02:39,239 Epoch: [0][120/200]	Time 1.009s (1.013s)	Speed 31.7 samples/s	Data 0.001s (0.011s)	Loss 0.36393 (1.08283)
2021-11-04 19:02:49,361 Epoch: [0][130/200]	Time 1.008s (1.013s)	Speed 31.8 samples/s	Data 0.001s (0.010s)	Loss 0.34590 (1.02674)
2021-11-04 19:02:59,470 Epoch: [0][140/200]	Time 1.007s (1.013s)	Speed 31.8 samples/s	Data 0.001s (0.010s)	Loss 0.30826 (0.97681)
2021-11-04 19:03:09,579 Epoch: [0][150/200]	Time 1.009s (1.012s)	Speed 31.7 samples/s	Data 0.001s (0.009s)	Loss 0.28621 (0.93119)
2021-11-04 19:03:19,667 Epoch: [0][160/200]	Time 1.010s (1.012s)	Speed 31.7 samples/s	Data 0.001s (0.008s)	Loss 0.26982 (0.89012)
2021-11-04 19:03:29,759 Epoch: [0][170/200]	Time 1.009s (1.012s)	Speed 31.7 samples/s	Data 0.001s (0.008s)	Loss 0.25776 (0.85281)
2021-11-04 19:03:39,850 Epoch: [0][180/200]	Time 1.007s (1.012s)	Speed 31.8 samples/s	Data 0.001s (0.008s)	Loss 0.23080 (0.81889)
2021-11-04 19:03:49,933 Epoch: [0][190/200]	Time 1.008s (1.012s)	Speed 31.7 samples/s	Data 0.001s (0.007s)	Loss 0.20671 (0.78735)
2021-11-04 19:04:20,147 Test: [0/200]	Time 1.108 (1.108)	Loss 0.4563 (0.4563)
2021-11-04 19:04:20,744 Test: [10/200]	Time 0.054 (0.155)	Loss 0.1488 (0.3683)
2021-11-04 19:04:21,295 Test: [20/200]	Time 0.054 (0.107)	Loss 0.2709 (0.3792)
2021-11-04 19:04:21,848 Test: [30/200]	Time 0.055 (0.091)	Loss 0.5565 (0.3871)
2021-11-04 19:04:22,400 Test: [40/200]	Time 0.054 (0.082)	Loss 0.4065 (0.4027)
2021-11-04 19:04:22,954 Test: [50/200]	Time 0.054 (0.077)	Loss 0.4989 (0.4065)
2021-11-04 19:04:23,509 Test: [60/200]	Time 0.055 (0.073)	Loss 0.4729 (0.4072)
2021-11-04 19:04:24,063 Test: [70/200]	Time 0.055 (0.071)	Loss 0.3920 (0.4059)
2021-11-04 19:04:24,623 Test: [80/200]	Time 0.056 (0.069)	Loss 0.4797 (0.4008)
2021-11-04 19:04:25,178 Test: [90/200]	Time 0.055 (0.067)	Loss 0.4907 (0.4040)
2021-11-04 19:04:25,732 Test: [100/200]	Time 0.055 (0.066)	Loss 0.5011 (0.4027)
2021-11-04 19:04:26,284 Test: [110/200]	Time 0.055 (0.065)	Loss 0.4785 (0.4041)
2021-11-04 19:04:26,838 Test: [120/200]	Time 0.055 (0.064)	Loss 0.4612 (0.4020)
2021-11-04 19:04:27,393 Test: [130/200]	Time 0.055 (0.064)	Loss 0.3860 (0.4064)
2021-11-04 19:04:27,946 Test: [140/200]	Time 0.055 (0.063)	Loss 0.3629 (0.4053)
2021-11-04 19:04:28,498 Test: [150/200]	Time 0.055 (0.063)	Loss 0.4414 (0.4041)
2021-11-04 19:04:29,052 Test: [160/200]	Time 0.055 (0.062)	Loss 0.4273 (0.4040)
2021-11-04 19:04:29,607 Test: [170/200]	Time 0.055 (0.062)	Loss 0.2957 (0.4014)
2021-11-04 19:04:30,161 Test: [180/200]	Time 0.055 (0.061)	Loss 0.3344 (0.3993)
2021-11-04 19:04:30,716 Test: [190/200]	Time 0.055 (0.061)	Loss 0.3527 (0.4006)
2021-11-04 19:04:36,954 Mean IoU score: 0.178
2021-11-04 19:04:36,954 => saving checkpoint to out
2021-11-04 19:04:39,382 Epoch: [1][0/200]	Time 2.410s (2.410s)	Speed 13.3 samples/s	Data 1.305s (1.305s)	Loss 0.20005 (0.20005)
2021-11-04 19:04:49,510 Epoch: [1][10/200]	Time 1.010s (1.140s)	Speed 31.7 samples/s	Data 0.001s (0.119s)	Loss 0.19968 (0.20793)
2021-11-04 19:04:59,605 Epoch: [1][20/200]	Time 1.012s (1.078s)	Speed 31.6 samples/s	Data 0.001s (0.063s)	Loss 0.25090 (0.20404)
2021-11-04 19:05:09,697 Epoch: [1][30/200]	Time 1.007s (1.056s)	Speed 31.8 samples/s	Data 0.001s (0.043s)	Loss 0.16657 (0.20065)
2021-11-04 19:05:19,829 Epoch: [1][40/200]	Time 1.007s (1.045s)	Speed 31.8 samples/s	Data 0.001s (0.033s)	Loss 0.17734 (0.19553)
2021-11-04 19:05:29,922 Epoch: [1][50/200]	Time 1.007s (1.038s)	Speed 31.8 samples/s	Data 0.001s (0.026s)	Loss 0.15373 (0.19161)
2021-11-04 19:05:40,003 Epoch: [1][60/200]	Time 1.008s (1.033s)	Speed 31.7 samples/s	Data 0.001s (0.022s)	Loss 0.16302 (0.18778)
2021-11-04 19:05:50,080 Epoch: [1][70/200]	Time 1.007s (1.030s)	Speed 31.8 samples/s	Data 0.001s (0.019s)	Loss 0.15671 (0.18368)
2021-11-04 19:06:00,170 Epoch: [1][80/200]	Time 1.008s (1.027s)	Speed 31.8 samples/s	Data 0.001s (0.017s)	Loss 0.11921 (0.17882)
2021-11-04 19:06:10,250 Epoch: [1][90/200]	Time 1.008s (1.025s)	Speed 31.7 samples/s	Data 0.001s (0.015s)	Loss 0.13829 (0.17403)
2021-11-04 19:06:20,400 Epoch: [1][100/200]	Time 1.011s (1.024s)	Speed 31.7 samples/s	Data 0.001s (0.014s)	Loss 0.12751 (0.17071)
2021-11-04 19:06:30,504 Epoch: [1][110/200]	Time 1.008s (1.023s)	Speed 31.8 samples/s	Data 0.001s (0.013s)	Loss 0.11704 (0.16704)
2021-11-04 19:06:40,598 Epoch: [1][120/200]	Time 1.007s (1.022s)	Speed 31.8 samples/s	Data 0.001s (0.012s)	Loss 0.10468 (0.16276)
2021-11-04 19:06:50,697 Epoch: [1][130/200]	Time 1.006s (1.021s)	Speed 31.8 samples/s	Data 0.001s (0.011s)	Loss 0.10349 (0.15883)
2021-11-04 19:07:00,799 Epoch: [1][140/200]	Time 1.013s (1.020s)	Speed 31.6 samples/s	Data 0.001s (0.010s)	Loss 0.12290 (0.15530)
2021-11-04 19:07:10,883 Epoch: [1][150/200]	Time 1.009s (1.019s)	Speed 31.7 samples/s	Data 0.001s (0.009s)	Loss 0.09370 (0.15185)
2021-11-04 19:07:20,968 Epoch: [1][160/200]	Time 1.009s (1.019s)	Speed 31.7 samples/s	Data 0.001s (0.009s)	Loss 0.10768 (0.14883)
2021-11-04 19:07:31,057 Epoch: [1][170/200]	Time 1.011s (1.018s)	Speed 31.7 samples/s	Data 0.001s (0.008s)	Loss 0.08996 (0.14585)
2021-11-04 19:07:41,163 Epoch: [1][180/200]	Time 1.008s (1.018s)	Speed 31.8 samples/s	Data 0.001s (0.008s)	Loss 0.09904 (0.14303)
2021-11-04 19:07:51,250 Epoch: [1][190/200]	Time 1.014s (1.017s)	Speed 31.6 samples/s	Data 0.001s (0.008s)	Loss 0.09371 (0.14033)
2021-11-04 19:08:21,487 Test: [0/200]	Time 1.114 (1.114)	Loss 0.2196 (0.2196)
2021-11-04 19:08:22,048 Test: [10/200]	Time 0.054 (0.152)	Loss 0.0584 (0.1737)
2021-11-04 19:08:22,615 Test: [20/200]	Time 0.055 (0.107)	Loss 0.1324 (0.1768)
2021-11-04 19:08:23,168 Test: [30/200]	Time 0.055 (0.090)	Loss 0.2545 (0.1838)
2021-11-04 19:08:23,723 Test: [40/200]	Time 0.055 (0.082)	Loss 0.1763 (0.1912)
2021-11-04 19:08:24,276 Test: [50/200]	Time 0.055 (0.077)	Loss 0.2357 (0.1917)
2021-11-04 19:08:24,839 Test: [60/200]	Time 0.055 (0.073)	Loss 0.2193 (0.1934)
2021-11-04 19:08:25,391 Test: [70/200]	Time 0.055 (0.071)	Loss 0.1671 (0.1928)
2021-11-04 19:08:25,944 Test: [80/200]	Time 0.055 (0.069)	Loss 0.2328 (0.1901)
2021-11-04 19:08:26,498 Test: [90/200]	Time 0.054 (0.067)	Loss 0.2576 (0.1921)
2021-11-04 19:08:27,057 Test: [100/200]	Time 0.055 (0.066)	Loss 0.2694 (0.1914)
2021-11-04 19:08:27,628 Test: [110/200]	Time 0.055 (0.065)	Loss 0.2542 (0.1923)
2021-11-04 19:08:28,193 Test: [120/200]	Time 0.055 (0.065)	Loss 0.2268 (0.1905)
2021-11-04 19:08:28,748 Test: [130/200]	Time 0.055 (0.064)	Loss 0.1815 (0.1927)
2021-11-04 19:08:29,302 Test: [140/200]	Time 0.054 (0.063)	Loss 0.1718 (0.1924)
2021-11-04 19:08:29,854 Test: [150/200]	Time 0.055 (0.063)	Loss 0.1953 (0.1912)
2021-11-04 19:08:30,408 Test: [160/200]	Time 0.055 (0.062)	Loss 0.2295 (0.1910)
2021-11-04 19:08:30,960 Test: [170/200]	Time 0.054 (0.062)	Loss 0.1451 (0.1894)
2021-11-04 19:08:31,514 Test: [180/200]	Time 0.055 (0.062)	Loss 0.1533 (0.1884)
2021-11-04 19:08:32,070 Test: [190/200]	Time 0.055 (0.061)	Loss 0.1330 (0.1888)
2021-11-04 19:08:38,313 Mean IoU score: 0.630
2021-11-04 19:08:38,316 => saving checkpoint to out
2021-11-04 19:08:40,878 Epoch: [2][0/200]	Time 2.543s (2.543s)	Speed 12.6 samples/s	Data 1.382s (1.382s)	Loss 0.07210 (0.07210)
2021-11-04 19:08:51,002 Epoch: [2][10/200]	Time 1.011s (1.152s)	Speed 31.6 samples/s	Data 0.001s (0.126s)	Loss 0.08026 (0.08202)
2021-11-04 19:09:01,112 Epoch: [2][20/200]	Time 1.008s (1.085s)	Speed 31.7 samples/s	Data 0.001s (0.066s)	Loss 0.08046 (0.07902)
2021-11-04 19:09:11,218 Epoch: [2][30/200]	Time 1.022s (1.061s)	Speed 31.3 samples/s	Data 0.001s (0.045s)	Loss 0.06942 (0.07599)
2021-11-04 19:09:21,309 Epoch: [2][40/200]	Time 1.011s (1.048s)	Speed 31.7 samples/s	Data 0.001s (0.034s)	Loss 0.06706 (0.07541)
2021-11-04 19:09:31,405 Epoch: [2][50/200]	Time 1.011s (1.041s)	Speed 31.7 samples/s	Data 0.001s (0.028s)	Loss 0.06197 (0.07378)
2021-11-04 19:09:41,492 Epoch: [2][60/200]	Time 1.008s (1.035s)	Speed 31.8 samples/s	Data 0.001s (0.023s)	Loss 0.05764 (0.07224)
2021-11-04 19:09:51,571 Epoch: [2][70/200]	Time 1.010s (1.032s)	Speed 31.7 samples/s	Data 0.001s (0.020s)	Loss 0.06947 (0.07057)
2021-11-04 19:10:01,658 Epoch: [2][80/200]	Time 1.007s (1.029s)	Speed 31.8 samples/s	Data 0.001s (0.018s)	Loss 0.06291 (0.06947)
2021-11-04 19:10:11,738 Epoch: [2][90/200]	Time 1.009s (1.026s)	Speed 31.7 samples/s	Data 0.001s (0.016s)	Loss 0.05106 (0.06813)
2021-11-04 19:10:21,826 Epoch: [2][100/200]	Time 1.009s (1.025s)	Speed 31.7 samples/s	Data 0.001s (0.014s)	Loss 0.06193 (0.06689)
2021-11-04 19:10:31,925 Epoch: [2][110/200]	Time 1.013s (1.023s)	Speed 31.6 samples/s	Data 0.001s (0.013s)	Loss 0.05351 (0.06643)
2021-11-04 19:10:42,017 Epoch: [2][120/200]	Time 1.009s (1.022s)	Speed 31.7 samples/s	Data 0.001s (0.012s)	Loss 0.05911 (0.06528)
2021-11-04 19:10:52,106 Epoch: [2][130/200]	Time 1.008s (1.021s)	Speed 31.8 samples/s	Data 0.001s (0.011s)	Loss 0.05686 (0.06433)
2021-11-04 19:11:02,200 Epoch: [2][140/200]	Time 1.008s (1.020s)	Speed 31.7 samples/s	Data 0.001s (0.010s)	Loss 0.05420 (0.06354)
2021-11-04 19:11:12,294 Epoch: [2][150/200]	Time 1.007s (1.020s)	Speed 31.8 samples/s	Data 0.001s (0.010s)	Loss 0.04525 (0.06294)
2021-11-04 19:11:22,376 Epoch: [2][160/200]	Time 1.008s (1.019s)	Speed 31.8 samples/s	Data 0.001s (0.009s)	Loss 0.04220 (0.06196)
2021-11-04 19:11:32,471 Epoch: [2][170/200]	Time 1.008s (1.018s)	Speed 31.8 samples/s	Data 0.001s (0.009s)	Loss 0.04579 (0.06106)
2021-11-04 19:11:42,553 Epoch: [2][180/200]	Time 1.009s (1.018s)	Speed 31.7 samples/s	Data 0.001s (0.008s)	Loss 0.04293 (0.06006)
2021-11-04 19:11:52,634 Epoch: [2][190/200]	Time 1.006s (1.017s)	Speed 31.8 samples/s	Data 0.001s (0.008s)	Loss 0.05027 (0.05917)
2021-11-04 19:12:22,870 Test: [0/200]	Time 1.114 (1.114)	Loss 0.1106 (0.1106)
2021-11-04 19:12:23,430 Test: [10/200]	Time 0.054 (0.152)	Loss 0.0384 (0.0967)
2021-11-04 19:12:23,984 Test: [20/200]	Time 0.055 (0.106)	Loss 0.0669 (0.1003)
2021-11-04 19:12:24,546 Test: [30/200]	Time 0.056 (0.090)	Loss 0.1546 (0.1073)
2021-11-04 19:12:25,104 Test: [40/200]	Time 0.055 (0.082)	Loss 0.0993 (0.1109)
2021-11-04 19:12:25,658 Test: [50/200]	Time 0.055 (0.077)	Loss 0.1496 (0.1116)
2021-11-04 19:12:26,212 Test: [60/200]	Time 0.055 (0.073)	Loss 0.1475 (0.1143)
2021-11-04 19:12:26,767 Test: [70/200]	Time 0.055 (0.071)	Loss 0.0877 (0.1138)
2021-11-04 19:12:27,321 Test: [80/200]	Time 0.055 (0.069)	Loss 0.1204 (0.1126)
2021-11-04 19:12:27,875 Test: [90/200]	Time 0.055 (0.067)	Loss 0.1639 (0.1143)
2021-11-04 19:12:28,430 Test: [100/200]	Time 0.055 (0.066)	Loss 0.1603 (0.1135)
2021-11-04 19:12:28,984 Test: [110/200]	Time 0.055 (0.065)	Loss 0.1899 (0.1151)
2021-11-04 19:12:29,537 Test: [120/200]	Time 0.055 (0.064)	Loss 0.1376 (0.1135)
2021-11-04 19:12:30,091 Test: [130/200]	Time 0.054 (0.064)	Loss 0.1197 (0.1148)
2021-11-04 19:12:30,645 Test: [140/200]	Time 0.055 (0.063)	Loss 0.0941 (0.1141)
2021-11-04 19:12:31,199 Test: [150/200]	Time 0.054 (0.063)	Loss 0.1186 (0.1129)
2021-11-04 19:12:31,755 Test: [160/200]	Time 0.055 (0.062)	Loss 0.1310 (0.1127)
2021-11-04 19:12:32,309 Test: [170/200]	Time 0.055 (0.062)	Loss 0.1020 (0.1117)
2021-11-04 19:12:32,863 Test: [180/200]	Time 0.054 (0.061)	Loss 0.0888 (0.1107)
2021-11-04 19:12:33,416 Test: [190/200]	Time 0.055 (0.061)	Loss 0.0655 (0.1108)
2021-11-04 19:12:39,665 Mean IoU score: 0.761
2021-11-04 19:12:39,666 => saving checkpoint to out
2021-11-04 19:12:42,141 Epoch: [3][0/200]	Time 2.461s (2.461s)	Speed 13.0 samples/s	Data 1.267s (1.267s)	Loss 0.03832 (0.03832)
2021-11-04 19:12:52,269 Epoch: [3][10/200]	Time 1.007s (1.145s)	Speed 31.8 samples/s	Data 0.001s (0.116s)	Loss 0.04208 (0.04124)
2021-11-04 19:13:02,370 Epoch: [3][20/200]	Time 1.010s (1.080s)	Speed 31.7 samples/s	Data 0.001s (0.061s)	Loss 0.06506 (0.04089)
2021-11-04 19:13:12,503 Epoch: [3][30/200]	Time 1.047s (1.059s)	Speed 30.6 samples/s	Data 0.001s (0.042s)	Loss 0.02516 (0.04004)
2021-11-04 19:13:22,592 Epoch: [3][40/200]	Time 1.010s (1.047s)	Speed 31.7 samples/s	Data 0.001s (0.032s)	Loss 0.03345 (0.03930)
2021-11-04 19:13:32,691 Epoch: [3][50/200]	Time 1.010s (1.039s)	Speed 31.7 samples/s	Data 0.001s (0.026s)	Loss 0.02915 (0.03836)
2021-11-04 19:13:42,774 Epoch: [3][60/200]	Time 1.007s (1.034s)	Speed 31.8 samples/s	Data 0.001s (0.021s)	Loss 0.03091 (0.03747)
2021-11-04 19:13:52,857 Epoch: [3][70/200]	Time 1.008s (1.031s)	Speed 31.7 samples/s	Data 0.001s (0.019s)	Loss 0.03655 (0.03713)
2021-11-04 19:14:02,948 Epoch: [3][80/200]	Time 1.008s (1.028s)	Speed 31.8 samples/s	Data 0.001s (0.016s)	Loss 0.02676 (0.03694)
2021-11-04 19:14:13,045 Epoch: [3][90/200]	Time 1.009s (1.026s)	Speed 31.7 samples/s	Data 0.001s (0.015s)	Loss 0.03182 (0.03663)
2021-11-04 19:14:23,137 Epoch: [3][100/200]	Time 1.007s (1.024s)	Speed 31.8 samples/s	Data 0.001s (0.013s)	Loss 0.03154 (0.03645)
2021-11-04 19:14:33,231 Epoch: [3][110/200]	Time 1.010s (1.023s)	Speed 31.7 samples/s	Data 0.001s (0.012s)	Loss 0.02969 (0.03619)
2021-11-04 19:14:43,321 Epoch: [3][120/200]	Time 1.007s (1.022s)	Speed 31.8 samples/s	Data 0.001s (0.011s)	Loss 0.04056 (0.03605)
2021-11-04 19:14:53,405 Epoch: [3][130/200]	Time 1.008s (1.021s)	Speed 31.8 samples/s	Data 0.001s (0.010s)	Loss 0.03433 (0.03601)
2021-11-04 19:15:03,502 Epoch: [3][140/200]	Time 1.007s (1.020s)	Speed 31.8 samples/s	Data 0.001s (0.010s)	Loss 0.03358 (0.03584)
2021-11-04 19:15:13,588 Epoch: [3][150/200]	Time 1.008s (1.019s)	Speed 31.8 samples/s	Data 0.001s (0.009s)	Loss 0.02997 (0.03585)
2021-11-04 19:15:23,674 Epoch: [3][160/200]	Time 1.007s (1.019s)	Speed 31.8 samples/s	Data 0.001s (0.009s)	Loss 0.03277 (0.03590)
2021-11-04 19:15:33,762 Epoch: [3][170/200]	Time 1.008s (1.018s)	Speed 31.8 samples/s	Data 0.001s (0.008s)	Loss 0.04007 (0.03575)
2021-11-04 19:15:43,843 Epoch: [3][180/200]	Time 1.007s (1.017s)	Speed 31.8 samples/s	Data 0.001s (0.008s)	Loss 0.03225 (0.03547)
2021-11-04 19:15:53,932 Epoch: [3][190/200]	Time 1.009s (1.017s)	Speed 31.7 samples/s	Data 0.001s (0.007s)	Loss 0.02543 (0.03525)
2021-11-04 19:16:24,184 Test: [0/200]	Time 1.121 (1.121)	Loss 0.1110 (0.1110)
2021-11-04 19:16:24,750 Test: [10/200]	Time 0.055 (0.153)	Loss 0.0279 (0.0813)
2021-11-04 19:16:25,303 Test: [20/200]	Time 0.055 (0.107)	Loss 0.0575 (0.0868)
2021-11-04 19:16:25,857 Test: [30/200]	Time 0.055 (0.090)	Loss 0.1250 (0.0916)
2021-11-04 19:16:26,412 Test: [40/200]	Time 0.055 (0.082)	Loss 0.0877 (0.0969)
2021-11-04 19:16:26,965 Test: [50/200]	Time 0.055 (0.077)	Loss 0.1281 (0.0952)
2021-11-04 19:16:27,519 Test: [60/200]	Time 0.055 (0.073)	Loss 0.1126 (0.0973)
2021-11-04 19:16:28,073 Test: [70/200]	Time 0.055 (0.071)	Loss 0.0890 (0.0980)
2021-11-04 19:16:28,628 Test: [80/200]	Time 0.055 (0.069)	Loss 0.1118 (0.0962)
2021-11-04 19:16:29,181 Test: [90/200]	Time 0.055 (0.067)	Loss 0.1023 (0.0980)
2021-11-04 19:16:29,734 Test: [100/200]	Time 0.055 (0.066)	Loss 0.1292 (0.0975)
2021-11-04 19:16:30,289 Test: [110/200]	Time 0.055 (0.065)	Loss 0.1660 (0.0987)
2021-11-04 19:16:30,841 Test: [120/200]	Time 0.054 (0.064)	Loss 0.0993 (0.0975)
2021-11-04 19:16:31,396 Test: [130/200]	Time 0.054 (0.064)	Loss 0.0892 (0.0982)
2021-11-04 19:16:31,949 Test: [140/200]	Time 0.055 (0.063)	Loss 0.1050 (0.0982)
2021-11-04 19:16:32,503 Test: [150/200]	Time 0.055 (0.063)	Loss 0.1030 (0.0975)
2021-11-04 19:16:33,056 Test: [160/200]	Time 0.055 (0.062)	Loss 0.0907 (0.0977)
2021-11-04 19:16:33,611 Test: [170/200]	Time 0.054 (0.062)	Loss 0.0730 (0.0967)
2021-11-04 19:16:34,165 Test: [180/200]	Time 0.054 (0.061)	Loss 0.0675 (0.0959)
2021-11-04 19:16:34,718 Test: [190/200]	Time 0.055 (0.061)	Loss 0.0662 (0.0960)
2021-11-04 19:16:40,961 Mean IoU score: 0.784
2021-11-04 19:16:40,965 => saving checkpoint to out
2021-11-04 19:16:43,259 Epoch: [4][0/200]	Time 2.280s (2.280s)	Speed 14.0 samples/s	Data 1.170s (1.170s)	Loss 0.03447 (0.03447)
2021-11-04 19:16:53,406 Epoch: [4][10/200]	Time 1.014s (1.130s)	Speed 31.6 samples/s	Data 0.001s (0.107s)	Loss 0.02667 (0.02946)
2021-11-04 19:17:03,505 Epoch: [4][20/200]	Time 1.010s (1.073s)	Speed 31.7 samples/s	Data 0.001s (0.056s)	Loss 0.02359 (0.02770)
2021-11-04 19:17:13,640 Epoch: [4][30/200]	Time 1.013s (1.054s)	Speed 31.6 samples/s	Data 0.001s (0.038s)	Loss 0.02411 (0.02747)
2021-11-04 19:17:23,730 Epoch: [4][40/200]	Time 1.007s (1.043s)	Speed 31.8 samples/s	Data 0.001s (0.029s)	Loss 0.02399 (0.02757)
2021-11-04 19:17:33,830 Epoch: [4][50/200]	Time 1.009s (1.036s)	Speed 31.7 samples/s	Data 0.001s (0.024s)	Loss 0.02283 (0.02723)
2021-11-04 19:17:43,926 Epoch: [4][60/200]	Time 1.009s (1.032s)	Speed 31.7 samples/s	Data 0.001s (0.020s)	Loss 0.01944 (0.02673)
2021-11-04 19:17:54,025 Epoch: [4][70/200]	Time 1.013s (1.029s)	Speed 31.6 samples/s	Data 0.001s (0.017s)	Loss 0.02528 (0.02668)
2021-11-04 19:18:04,127 Epoch: [4][80/200]	Time 1.007s (1.027s)	Speed 31.8 samples/s	Data 0.001s (0.015s)	Loss 0.02457 (0.02643)
2021-11-04 19:18:14,213 Epoch: [4][90/200]	Time 1.010s (1.025s)	Speed 31.7 samples/s	Data 0.001s (0.014s)	Loss 0.02392 (0.02609)
2021-11-04 19:18:24,303 Epoch: [4][100/200]	Time 1.010s (1.023s)	Speed 31.7 samples/s	Data 0.001s (0.012s)	Loss 0.02475 (0.02598)
2021-11-04 19:18:34,401 Epoch: [4][110/200]	Time 1.007s (1.022s)	Speed 31.8 samples/s	Data 0.001s (0.011s)	Loss 0.02482 (0.02595)
2021-11-04 19:18:44,490 Epoch: [4][120/200]	Time 1.007s (1.021s)	Speed 31.8 samples/s	Data 0.001s (0.010s)	Loss 0.02745 (0.02591)
2021-11-04 19:18:54,580 Epoch: [4][130/200]	Time 1.014s (1.020s)	Speed 31.6 samples/s	Data 0.001s (0.010s)	Loss 0.02405 (0.02605)
2021-11-04 19:19:04,672 Epoch: [4][140/200]	Time 1.008s (1.019s)	Speed 31.7 samples/s	Data 0.001s (0.009s)	Loss 0.02484 (0.02618)
2021-11-04 19:19:14,763 Epoch: [4][150/200]	Time 1.010s (1.018s)	Speed 31.7 samples/s	Data 0.001s (0.008s)	Loss 0.02089 (0.02611)
2021-11-04 19:19:24,857 Epoch: [4][160/200]	Time 1.014s (1.018s)	Speed 31.6 samples/s	Data 0.001s (0.008s)	Loss 0.02137 (0.02590)
2021-11-04 19:19:34,944 Epoch: [4][170/200]	Time 1.008s (1.017s)	Speed 31.7 samples/s	Data 0.001s (0.008s)	Loss 0.02064 (0.02582)
2021-11-04 19:19:45,035 Epoch: [4][180/200]	Time 1.008s (1.017s)	Speed 31.8 samples/s	Data 0.001s (0.007s)	Loss 0.03238 (0.02577)
2021-11-04 19:19:55,126 Epoch: [4][190/200]	Time 1.016s (1.016s)	Speed 31.5 samples/s	Data 0.001s (0.007s)	Loss 0.02722 (0.02565)
2021-11-04 19:20:25,364 Test: [0/200]	Time 1.111 (1.111)	Loss 0.0770 (0.0770)
2021-11-04 19:20:25,924 Test: [10/200]	Time 0.054 (0.152)	Loss 0.0228 (0.0736)
2021-11-04 19:20:26,481 Test: [20/200]	Time 0.054 (0.106)	Loss 0.0454 (0.0735)
2021-11-04 19:20:27,034 Test: [30/200]	Time 0.055 (0.090)	Loss 0.1241 (0.0780)
2021-11-04 19:20:27,587 Test: [40/200]	Time 0.054 (0.081)	Loss 0.0584 (0.0792)
2021-11-04 19:20:28,141 Test: [50/200]	Time 0.055 (0.076)	Loss 0.1043 (0.0792)
2021-11-04 19:20:28,694 Test: [60/200]	Time 0.055 (0.073)	Loss 0.1242 (0.0816)
2021-11-04 19:20:29,248 Test: [70/200]	Time 0.055 (0.070)	Loss 0.0726 (0.0811)
2021-11-04 19:20:29,802 Test: [80/200]	Time 0.055 (0.069)	Loss 0.0789 (0.0793)
2021-11-04 19:20:30,355 Test: [90/200]	Time 0.055 (0.067)	Loss 0.1239 (0.0809)
2021-11-04 19:20:30,908 Test: [100/200]	Time 0.055 (0.066)	Loss 0.1405 (0.0806)
2021-11-04 19:20:31,467 Test: [110/200]	Time 0.054 (0.065)	Loss 0.1340 (0.0814)
2021-11-04 19:20:32,020 Test: [120/200]	Time 0.055 (0.064)	Loss 0.1081 (0.0800)
2021-11-04 19:20:32,574 Test: [130/200]	Time 0.055 (0.064)	Loss 0.0729 (0.0808)
2021-11-04 19:20:33,127 Test: [140/200]	Time 0.055 (0.063)	Loss 0.0675 (0.0803)
2021-11-04 19:20:33,681 Test: [150/200]	Time 0.055 (0.062)	Loss 0.0721 (0.0792)
2021-11-04 19:20:34,234 Test: [160/200]	Time 0.054 (0.062)	Loss 0.0708 (0.0791)
2021-11-04 19:20:34,787 Test: [170/200]	Time 0.055 (0.062)	Loss 0.0815 (0.0783)
2021-11-04 19:20:35,341 Test: [180/200]	Time 0.055 (0.061)	Loss 0.0539 (0.0774)
2021-11-04 19:20:35,894 Test: [190/200]	Time 0.055 (0.061)	Loss 0.0398 (0.0774)
2021-11-04 19:20:42,217 Mean IoU score: 0.819
2021-11-04 19:20:42,218 => saving checkpoint to out
2021-11-04 19:20:44,715 Epoch: [5][0/200]	Time 2.480s (2.480s)	Speed 12.9 samples/s	Data 1.335s (1.335s)	Loss 0.01750 (0.01750)
2021-11-04 19:20:56,650 Epoch: [5][10/200]	Time 1.024s (1.311s)	Speed 31.3 samples/s	Data 0.001s (0.122s)	Loss 0.01764 (0.02070)
2021-11-04 19:21:06,817 Epoch: [5][20/200]	Time 1.016s (1.171s)	Speed 31.5 samples/s	Data 0.001s (0.064s)	Loss 0.02719 (0.02135)
2021-11-04 19:21:16,905 Epoch: [5][30/200]	Time 1.011s (1.118s)	Speed 31.6 samples/s	Data 0.001s (0.044s)	Loss 0.02748 (0.02129)
2021-11-04 19:21:26,991 Epoch: [5][40/200]	Time 1.008s (1.092s)	Speed 31.8 samples/s	Data 0.001s (0.033s)	Loss 0.01986 (0.02132)
2021-11-04 19:21:37,076 Epoch: [5][50/200]	Time 1.009s (1.075s)	Speed 31.7 samples/s	Data 0.001s (0.027s)	Loss 0.02292 (0.02117)
2021-11-04 19:37:53,063 Epoch: [5][60/200]	Time 0.992s (16.899s)	Speed 32.3 samples/s	Data 0.000s (0.023s)	Loss 0.01567 (0.02074)
2021-11-04 19:38:02,991 Epoch: [5][70/200]	Time 0.990s (14.659s)	Speed 32.3 samples/s	Data 0.001s (0.019s)	Loss 0.01829 (0.02048)
2021-11-04 19:38:13,019 Epoch: [5][80/200]	Time 0.998s (12.973s)	Speed 32.1 samples/s	Data 0.001s (0.017s)	Loss 0.01790 (0.02023)
2021-11-04 19:38:22,971 Epoch: [5][90/200]	Time 0.994s (11.656s)	Speed 32.2 samples/s	Data 0.001s (0.015s)	Loss 0.01388 (0.02017)
2021-11-04 19:38:32,973 Epoch: [5][100/200]	Time 0.998s (10.601s)	Speed 32.1 samples/s	Data 0.001s (0.014s)	Loss 0.02134 (0.02007)
2021-11-04 19:38:42,979 Epoch: [5][110/200]	Time 0.998s (9.736s)	Speed 32.1 samples/s	Data 0.001s (0.013s)	Loss 0.02102 (0.02003)
2021-11-04 19:38:53,021 Epoch: [5][120/200]	Time 1.002s (9.015s)	Speed 31.9 samples/s	Data 0.001s (0.012s)	Loss 0.01727 (0.01983)
2021-11-04 19:39:03,083 Epoch: [5][130/200]	Time 1.007s (8.403s)	Speed 31.8 samples/s	Data 0.001s (0.011s)	Loss 0.02257 (0.01990)
2021-11-04 19:39:13,155 Epoch: [5][140/200]	Time 1.007s (7.879s)	Speed 31.8 samples/s	Data 0.001s (0.010s)	Loss 0.02084 (0.01988)
2021-11-04 19:39:23,230 Epoch: [5][150/200]	Time 1.006s (7.424s)	Speed 31.8 samples/s	Data 0.001s (0.009s)	Loss 0.02367 (0.01983)
2021-11-04 19:39:33,309 Epoch: [5][160/200]	Time 1.009s (7.025s)	Speed 31.7 samples/s	Data 0.001s (0.009s)	Loss 0.02138 (0.01970)
2021-11-04 19:39:43,403 Epoch: [5][170/200]	Time 1.008s (6.673s)	Speed 31.8 samples/s	Data 0.001s (0.008s)	Loss 0.01780 (0.01964)
2021-11-04 19:39:53,484 Epoch: [5][180/200]	Time 1.007s (6.360s)	Speed 31.8 samples/s	Data 0.001s (0.008s)	Loss 0.01806 (0.01972)
2021-11-04 19:40:03,585 Epoch: [5][190/200]	Time 1.007s (6.080s)	Speed 31.8 samples/s	Data 0.001s (0.008s)	Loss 0.01631 (0.01974)
2021-11-04 19:40:33,718 Test: [0/200]	Time 1.017 (1.017)	Loss 0.0742 (0.0742)
2021-11-04 19:40:34,273 Test: [10/200]	Time 0.054 (0.143)	Loss 0.0181 (0.0687)
2021-11-04 19:40:34,825 Test: [20/200]	Time 0.054 (0.101)	Loss 0.0500 (0.0716)
2021-11-04 19:40:35,376 Test: [30/200]	Time 0.054 (0.086)	Loss 0.1178 (0.0773)
2021-11-04 19:40:35,929 Test: [40/200]	Time 0.054 (0.079)	Loss 0.0507 (0.0789)
2021-11-04 19:40:36,483 Test: [50/200]	Time 0.055 (0.074)	Loss 0.1067 (0.0787)
2021-11-04 19:40:37,034 Test: [60/200]	Time 0.054 (0.071)	Loss 0.1122 (0.0809)
2021-11-04 19:40:37,586 Test: [70/200]	Time 0.055 (0.069)	Loss 0.0677 (0.0805)
2021-11-04 19:40:38,140 Test: [80/200]	Time 0.054 (0.067)	Loss 0.0914 (0.0788)
2021-11-04 19:40:38,694 Test: [90/200]	Time 0.055 (0.066)	Loss 0.0989 (0.0810)
2021-11-04 19:40:39,247 Test: [100/200]	Time 0.055 (0.065)	Loss 0.1322 (0.0804)
2021-11-04 19:40:39,800 Test: [110/200]	Time 0.055 (0.064)	Loss 0.1210 (0.0810)
2021-11-04 19:40:40,353 Test: [120/200]	Time 0.054 (0.063)	Loss 0.1215 (0.0794)
2021-11-04 19:40:40,906 Test: [130/200]	Time 0.055 (0.063)	Loss 0.0577 (0.0798)
2021-11-04 19:40:41,460 Test: [140/200]	Time 0.054 (0.062)	Loss 0.0699 (0.0796)
2021-11-04 19:40:42,014 Test: [150/200]	Time 0.055 (0.062)	Loss 0.0624 (0.0784)
2021-11-04 19:40:42,568 Test: [160/200]	Time 0.055 (0.061)	Loss 0.0764 (0.0782)
2021-11-04 19:40:43,122 Test: [170/200]	Time 0.055 (0.061)	Loss 0.0844 (0.0773)
2021-11-04 19:40:43,675 Test: [180/200]	Time 0.055 (0.061)	Loss 0.0534 (0.0765)
2021-11-04 19:40:44,228 Test: [190/200]	Time 0.055 (0.060)	Loss 0.0378 (0.0764)
2021-11-04 19:40:50,459 Mean IoU score: 0.818
2021-11-04 19:40:50,463 => saving checkpoint to out
2021-11-04 19:40:52,742 Epoch: [6][0/200]	Time 2.269s (2.269s)	Speed 14.1 samples/s	Data 1.159s (1.159s)	Loss 0.01600 (0.01600)
2021-11-04 19:41:02,883 Epoch: [6][10/200]	Time 1.013s (1.128s)	Speed 31.6 samples/s	Data 0.001s (0.107s)	Loss 0.02054 (0.01703)
2021-11-04 19:41:13,004 Epoch: [6][20/200]	Time 1.007s (1.073s)	Speed 31.8 samples/s	Data 0.001s (0.056s)	Loss 0.01553 (0.01748)
2021-11-04 19:41:23,106 Epoch: [6][30/200]	Time 1.010s (1.053s)	Speed 31.7 samples/s	Data 0.001s (0.038s)	Loss 0.01724 (0.01746)
2021-11-04 19:41:33,212 Epoch: [6][40/200]	Time 1.013s (1.042s)	Speed 31.6 samples/s	Data 0.002s (0.029s)	Loss 0.01604 (0.01732)
2021-11-04 19:41:43,310 Epoch: [6][50/200]	Time 1.007s (1.036s)	Speed 31.8 samples/s	Data 0.001s (0.024s)	Loss 0.01534 (0.01721)
2021-11-04 19:41:53,405 Epoch: [6][60/200]	Time 1.007s (1.032s)	Speed 31.8 samples/s	Data 0.001s (0.020s)	Loss 0.01428 (0.01692)
2021-11-04 19:42:03,530 Epoch: [6][70/200]	Time 1.015s (1.029s)	Speed 31.5 samples/s	Data 0.003s (0.017s)	Loss 0.01465 (0.01665)
2021-11-04 19:42:13,640 Epoch: [6][80/200]	Time 1.007s (1.027s)	Speed 31.8 samples/s	Data 0.001s (0.016s)	Loss 0.01476 (0.01656)
2021-11-04 19:42:23,747 Epoch: [6][90/200]	Time 1.010s (1.025s)	Speed 31.7 samples/s	Data 0.002s (0.014s)	Loss 0.01661 (0.01646)
2021-11-04 19:42:33,867 Epoch: [6][100/200]	Time 1.008s (1.024s)	Speed 31.8 samples/s	Data 0.001s (0.013s)	Loss 0.01551 (0.01642)
2021-11-04 19:42:43,972 Epoch: [6][110/200]	Time 1.008s (1.023s)	Speed 31.8 samples/s	Data 0.001s (0.012s)	Loss 0.01345 (0.01631)
2021-11-04 19:42:54,075 Epoch: [6][120/200]	Time 1.006s (1.022s)	Speed 31.8 samples/s	Data 0.001s (0.011s)	Loss 0.01623 (0.01625)
2021-11-04 19:43:04,187 Epoch: [6][130/200]	Time 1.006s (1.021s)	Speed 31.8 samples/s	Data 0.001s (0.010s)	Loss 0.01166 (0.01613)
2021-11-04 19:43:14,292 Epoch: [6][140/200]	Time 1.008s (1.020s)	Speed 31.7 samples/s	Data 0.001s (0.010s)	Loss 0.01431 (0.01617)
2021-11-04 19:43:24,414 Epoch: [6][150/200]	Time 1.011s (1.019s)	Speed 31.7 samples/s	Data 0.002s (0.009s)	Loss 0.01640 (0.01623)
2021-11-04 19:43:34,530 Epoch: [6][160/200]	Time 1.012s (1.019s)	Speed 31.6 samples/s	Data 0.002s (0.009s)	Loss 0.01987 (0.01631)
2021-11-04 19:43:44,635 Epoch: [6][170/200]	Time 1.009s (1.018s)	Speed 31.7 samples/s	Data 0.001s (0.008s)	Loss 0.01683 (0.01626)
2021-11-04 19:43:54,745 Epoch: [6][180/200]	Time 1.006s (1.018s)	Speed 31.8 samples/s	Data 0.001s (0.008s)	Loss 0.01202 (0.01627)
2021-11-04 19:44:04,869 Epoch: [6][190/200]	Time 1.011s (1.018s)	Speed 31.7 samples/s	Data 0.002s (0.007s)	Loss 0.01717 (0.01626)
2021-11-04 19:44:35,230 Test: [0/200]	Time 1.243 (1.243)	Loss 0.0885 (0.0885)
2021-11-04 19:44:35,790 Test: [10/200]	Time 0.055 (0.164)	Loss 0.0221 (0.0626)
2021-11-04 19:44:36,351 Test: [20/200]	Time 0.055 (0.113)	Loss 0.0505 (0.0639)
2021-11-04 19:44:36,909 Test: [30/200]	Time 0.055 (0.094)	Loss 0.1082 (0.0665)
2021-11-04 19:44:37,461 Test: [40/200]	Time 0.054 (0.085)	Loss 0.0518 (0.0677)
2021-11-04 19:44:38,014 Test: [50/200]	Time 0.055 (0.079)	Loss 0.0980 (0.0677)
2021-11-04 19:44:38,570 Test: [60/200]	Time 0.055 (0.075)	Loss 0.1188 (0.0705)
2021-11-04 19:44:39,125 Test: [70/200]	Time 0.055 (0.072)	Loss 0.0580 (0.0699)
2021-11-04 19:44:39,677 Test: [80/200]	Time 0.054 (0.070)	Loss 0.0812 (0.0688)
2021-11-04 19:44:40,233 Test: [90/200]	Time 0.056 (0.069)	Loss 0.0762 (0.0703)
2021-11-04 19:44:40,788 Test: [100/200]	Time 0.055 (0.067)	Loss 0.0862 (0.0694)
2021-11-04 19:44:41,344 Test: [110/200]	Time 0.056 (0.066)	Loss 0.1550 (0.0706)
2021-11-04 19:44:41,898 Test: [120/200]	Time 0.055 (0.065)	Loss 0.0825 (0.0692)
2021-11-04 19:44:42,453 Test: [130/200]	Time 0.055 (0.065)	Loss 0.0515 (0.0696)
2021-11-04 19:44:43,006 Test: [140/200]	Time 0.054 (0.064)	Loss 0.0615 (0.0690)
2021-11-04 19:44:43,559 Test: [150/200]	Time 0.055 (0.063)	Loss 0.0605 (0.0679)
2021-11-04 19:44:44,114 Test: [160/200]	Time 0.056 (0.063)	Loss 0.0663 (0.0680)
2021-11-04 19:44:44,667 Test: [170/200]	Time 0.054 (0.062)	Loss 0.0782 (0.0675)
2021-11-04 19:44:45,221 Test: [180/200]	Time 0.055 (0.062)	Loss 0.0485 (0.0670)
2021-11-04 19:44:45,774 Test: [190/200]	Time 0.055 (0.062)	Loss 0.0325 (0.0670)
2021-11-04 19:44:52,021 Mean IoU score: 0.841
2021-11-04 19:44:52,021 => saving checkpoint to out
2021-11-04 19:44:54,958 Epoch: [7][0/200]	Time 2.916s (2.916s)	Speed 11.0 samples/s	Data 1.802s (1.802s)	Loss 0.01423 (0.01423)
2021-11-04 19:45:05,080 Epoch: [7][10/200]	Time 1.010s (1.185s)	Speed 31.7 samples/s	Data 0.000s (0.164s)	Loss 0.01418 (0.01523)
2021-11-04 19:45:15,180 Epoch: [7][20/200]	Time 1.010s (1.102s)	Speed 31.7 samples/s	Data 0.001s (0.086s)	Loss 0.01703 (0.01518)
2021-11-04 19:45:25,307 Epoch: [7][30/200]	Time 1.009s (1.073s)	Speed 31.7 samples/s	Data 0.001s (0.059s)	Loss 0.01566 (0.01478)
2021-11-04 19:45:35,424 Epoch: [7][40/200]	Time 1.007s (1.058s)	Speed 31.8 samples/s	Data 0.001s (0.045s)	Loss 0.01076 (0.01467)
2021-11-04 19:45:45,538 Epoch: [7][50/200]	Time 1.008s (1.049s)	Speed 31.7 samples/s	Data 0.001s (0.036s)	Loss 0.01410 (0.01444)
2021-11-04 19:45:55,649 Epoch: [7][60/200]	Time 1.009s (1.043s)	Speed 31.7 samples/s	Data 0.001s (0.031s)	Loss 0.01272 (0.01433)
2021-11-04 19:46:05,778 Epoch: [7][70/200]	Time 1.013s (1.039s)	Speed 31.6 samples/s	Data 0.002s (0.027s)	Loss 0.01151 (0.01413)
2021-11-04 19:46:15,892 Epoch: [7][80/200]	Time 1.007s (1.035s)	Speed 31.8 samples/s	Data 0.001s (0.024s)	Loss 0.01130 (0.01405)
2021-11-04 19:46:26,005 Epoch: [7][90/200]	Time 1.010s (1.033s)	Speed 31.7 samples/s	Data 0.001s (0.021s)	Loss 0.01558 (0.01386)
2021-11-04 19:46:36,127 Epoch: [7][100/200]	Time 1.010s (1.031s)	Speed 31.7 samples/s	Data 0.001s (0.019s)	Loss 0.01646 (0.01391)
2021-11-04 19:46:46,238 Epoch: [7][110/200]	Time 1.011s (1.029s)	Speed 31.7 samples/s	Data 0.001s (0.018s)	Loss 0.00996 (0.01384)
2021-11-04 19:46:56,356 Epoch: [7][120/200]	Time 1.009s (1.027s)	Speed 31.7 samples/s	Data 0.001s (0.016s)	Loss 0.01286 (0.01393)
2021-11-04 19:47:06,478 Epoch: [7][130/200]	Time 1.010s (1.026s)	Speed 31.7 samples/s	Data 0.001s (0.015s)	Loss 0.01252 (0.01393)
2021-11-04 19:47:16,567 Epoch: [7][140/200]	Time 1.008s (1.025s)	Speed 31.7 samples/s	Data 0.001s (0.014s)	Loss 0.01658 (0.01384)
2021-11-04 19:47:26,676 Epoch: [7][150/200]	Time 1.013s (1.024s)	Speed 31.6 samples/s	Data 0.003s (0.013s)	Loss 0.01207 (0.01377)
2021-11-04 19:47:36,793 Epoch: [7][160/200]	Time 1.010s (1.023s)	Speed 31.7 samples/s	Data 0.002s (0.013s)	Loss 0.01561 (0.01371)
2021-11-04 19:47:46,918 Epoch: [7][170/200]	Time 1.010s (1.023s)	Speed 31.7 samples/s	Data 0.002s (0.012s)	Loss 0.01491 (0.01370)
2021-11-04 19:47:57,032 Epoch: [7][180/200]	Time 1.011s (1.022s)	Speed 31.7 samples/s	Data 0.001s (0.011s)	Loss 0.01195 (0.01367)
2021-11-04 19:48:07,152 Epoch: [7][190/200]	Time 1.009s (1.022s)	Speed 31.7 samples/s	Data 0.002s (0.011s)	Loss 0.01219 (0.01369)
2021-11-04 19:48:37,523 Test: [0/200]	Time 1.199 (1.199)	Loss 0.0720 (0.0720)
2021-11-04 19:48:38,085 Test: [10/200]	Time 0.055 (0.160)	Loss 0.0155 (0.0620)
2021-11-04 19:48:38,641 Test: [20/200]	Time 0.054 (0.110)	Loss 0.0372 (0.0620)
2021-11-04 19:48:39,193 Test: [30/200]	Time 0.055 (0.093)	Loss 0.1024 (0.0656)
2021-11-04 19:48:39,749 Test: [40/200]	Time 0.054 (0.084)	Loss 0.0490 (0.0663)
2021-11-04 19:48:40,307 Test: [50/200]	Time 0.055 (0.078)	Loss 0.0942 (0.0657)
2021-11-04 19:48:40,863 Test: [60/200]	Time 0.057 (0.074)	Loss 0.1158 (0.0684)
2021-11-04 19:48:41,418 Test: [70/200]	Time 0.055 (0.072)	Loss 0.0548 (0.0679)
2021-11-04 19:48:41,975 Test: [80/200]	Time 0.054 (0.070)	Loss 0.0714 (0.0665)
2021-11-04 19:48:42,532 Test: [90/200]	Time 0.055 (0.068)	Loss 0.0811 (0.0683)
2021-11-04 19:48:43,089 Test: [100/200]	Time 0.054 (0.067)	Loss 0.1111 (0.0676)
2021-11-04 19:48:43,644 Test: [110/200]	Time 0.054 (0.066)	Loss 0.1524 (0.0685)
2021-11-04 19:48:44,198 Test: [120/200]	Time 0.055 (0.065)	Loss 0.0789 (0.0671)
2021-11-04 19:48:44,750 Test: [130/200]	Time 0.055 (0.064)	Loss 0.0474 (0.0673)
2021-11-04 19:48:45,304 Test: [140/200]	Time 0.054 (0.064)	Loss 0.0693 (0.0670)
2021-11-04 19:48:45,859 Test: [150/200]	Time 0.055 (0.063)	Loss 0.0573 (0.0659)
2021-11-04 19:48:46,412 Test: [160/200]	Time 0.055 (0.063)	Loss 0.0555 (0.0661)
2021-11-04 19:48:46,972 Test: [170/200]	Time 0.056 (0.062)	Loss 0.0699 (0.0653)
2021-11-04 19:48:47,537 Test: [180/200]	Time 0.054 (0.062)	Loss 0.0412 (0.0647)
2021-11-04 19:48:48,095 Test: [190/200]	Time 0.057 (0.062)	Loss 0.0284 (0.0648)
2021-11-04 19:48:54,357 Mean IoU score: 0.845
2021-11-04 19:48:54,359 => saving checkpoint to out
2021-11-04 19:48:57,152 Epoch: [8][0/200]	Time 2.778s (2.778s)	Speed 11.5 samples/s	Data 1.644s (1.644s)	Loss 0.01245 (0.01245)
2021-11-04 19:49:07,331 Epoch: [8][10/200]	Time 1.010s (1.178s)	Speed 31.7 samples/s	Data 0.001s (0.150s)	Loss 0.01038 (0.01174)
2021-11-04 19:49:17,488 Epoch: [8][20/200]	Time 1.022s (1.101s)	Speed 31.3 samples/s	Data 0.002s (0.080s)	Loss 0.01171 (0.01218)
2021-11-04 19:49:27,605 Epoch: [8][30/200]	Time 1.015s (1.072s)	Speed 31.5 samples/s	Data 0.001s (0.054s)	Loss 0.01161 (0.01219)
2021-11-04 19:49:37,727 Epoch: [8][40/200]	Time 1.008s (1.057s)	Speed 31.7 samples/s	Data 0.001s (0.041s)	Loss 0.00962 (0.01207)
2021-11-04 19:49:47,849 Epoch: [8][50/200]	Time 1.011s (1.049s)	Speed 31.7 samples/s	Data 0.001s (0.034s)	Loss 0.01259 (0.01220)
2021-11-04 19:49:57,958 Epoch: [8][60/200]	Time 1.012s (1.042s)	Speed 31.6 samples/s	Data 0.001s (0.028s)	Loss 0.01302 (0.01211)
2021-11-04 19:50:08,079 Epoch: [8][70/200]	Time 1.007s (1.038s)	Speed 31.8 samples/s	Data 0.001s (0.024s)	Loss 0.01199 (0.01200)
2021-11-04 19:50:18,198 Epoch: [8][80/200]	Time 1.008s (1.035s)	Speed 31.7 samples/s	Data 0.001s (0.022s)	Loss 0.00897 (0.01191)
2021-11-04 19:50:28,339 Epoch: [8][90/200]	Time 1.014s (1.033s)	Speed 31.6 samples/s	Data 0.001s (0.019s)	Loss 0.00913 (0.01178)
2021-11-04 19:50:38,470 Epoch: [8][100/200]	Time 1.007s (1.031s)	Speed 31.8 samples/s	Data 0.001s (0.018s)	Loss 0.01169 (0.01181)
2021-11-04 19:50:48,587 Epoch: [8][110/200]	Time 1.009s (1.029s)	Speed 31.7 samples/s	Data 0.001s (0.016s)	Loss 0.01378 (0.01181)
2021-11-04 19:50:58,696 Epoch: [8][120/200]	Time 1.013s (1.027s)	Speed 31.6 samples/s	Data 0.001s (0.015s)	Loss 0.01192 (0.01188)
2021-11-04 19:51:08,811 Epoch: [8][130/200]	Time 1.007s (1.026s)	Speed 31.8 samples/s	Data 0.001s (0.014s)	Loss 0.00839 (0.01186)
2021-11-04 19:51:18,940 Epoch: [8][140/200]	Time 1.024s (1.025s)	Speed 31.2 samples/s	Data 0.001s (0.013s)	Loss 0.01449 (0.01189)
2021-11-04 19:51:29,062 Epoch: [8][150/200]	Time 1.010s (1.024s)	Speed 31.7 samples/s	Data 0.001s (0.012s)	Loss 0.01043 (0.01183)
2021-11-04 19:51:39,172 Epoch: [8][160/200]	Time 1.012s (1.024s)	Speed 31.6 samples/s	Data 0.001s (0.012s)	Loss 0.01224 (0.01184)
2021-11-04 19:51:49,280 Epoch: [8][170/200]	Time 1.008s (1.023s)	Speed 31.7 samples/s	Data 0.001s (0.011s)	Loss 0.01085 (0.01183)
2021-11-04 19:51:59,395 Epoch: [8][180/200]	Time 1.014s (1.022s)	Speed 31.6 samples/s	Data 0.002s (0.010s)	Loss 0.01326 (0.01181)
2021-11-04 19:52:09,517 Epoch: [8][190/200]	Time 1.009s (1.022s)	Speed 31.7 samples/s	Data 0.002s (0.010s)	Loss 0.01222 (0.01176)
2021-11-04 19:52:39,897 Test: [0/200]	Time 1.257 (1.257)	Loss 0.0733 (0.0733)
2021-11-04 19:52:40,457 Test: [10/200]	Time 0.054 (0.165)	Loss 0.0111 (0.0524)
2021-11-04 19:52:41,010 Test: [20/200]	Time 0.054 (0.113)	Loss 0.0248 (0.0553)
2021-11-04 19:52:41,564 Test: [30/200]	Time 0.055 (0.094)	Loss 0.0629 (0.0566)
2021-11-04 19:52:42,117 Test: [40/200]	Time 0.055 (0.085)	Loss 0.0567 (0.0597)
2021-11-04 19:52:42,671 Test: [50/200]	Time 0.054 (0.079)	Loss 0.0882 (0.0593)
2021-11-04 19:52:43,224 Test: [60/200]	Time 0.055 (0.075)	Loss 0.0846 (0.0609)
2021-11-04 19:52:43,781 Test: [70/200]	Time 0.055 (0.072)	Loss 0.0485 (0.0606)
2021-11-04 19:52:44,334 Test: [80/200]	Time 0.055 (0.070)	Loss 0.0771 (0.0592)
2021-11-04 19:52:44,890 Test: [90/200]	Time 0.055 (0.069)	Loss 0.0655 (0.0613)
2021-11-04 19:52:45,444 Test: [100/200]	Time 0.055 (0.067)	Loss 0.0798 (0.0603)
2021-11-04 19:52:45,997 Test: [110/200]	Time 0.055 (0.066)	Loss 0.1474 (0.0614)
2021-11-04 19:52:46,551 Test: [120/200]	Time 0.055 (0.065)	Loss 0.0723 (0.0602)
2021-11-04 19:52:47,103 Test: [130/200]	Time 0.054 (0.065)	Loss 0.0473 (0.0605)
2021-11-04 19:52:47,656 Test: [140/200]	Time 0.054 (0.064)	Loss 0.0601 (0.0601)
2021-11-04 19:52:48,210 Test: [150/200]	Time 0.056 (0.063)	Loss 0.0471 (0.0591)
2021-11-04 19:52:48,764 Test: [160/200]	Time 0.055 (0.063)	Loss 0.0537 (0.0591)
2021-11-04 19:52:49,318 Test: [170/200]	Time 0.055 (0.062)	Loss 0.0528 (0.0586)
2021-11-04 19:52:49,871 Test: [180/200]	Time 0.054 (0.062)	Loss 0.0399 (0.0581)
2021-11-04 19:52:50,425 Test: [190/200]	Time 0.055 (0.062)	Loss 0.0291 (0.0581)
2021-11-04 19:52:56,677 Mean IoU score: 0.858
2021-11-04 19:52:56,677 => saving checkpoint to out
2021-11-04 19:53:00,171 Epoch: [9][0/200]	Time 3.479s (3.479s)	Speed 9.2 samples/s	Data 2.377s (2.377s)	Loss 0.01134 (0.01134)
2021-11-04 19:53:10,293 Epoch: [9][10/200]	Time 1.015s (1.236s)	Speed 31.5 samples/s	Data 0.001s (0.217s)	Loss 0.00988 (0.01065)
2021-11-04 19:53:20,390 Epoch: [9][20/200]	Time 1.009s (1.128s)	Speed 31.7 samples/s	Data 0.001s (0.114s)	Loss 0.01515 (0.01097)
2021-11-04 19:53:30,495 Epoch: [9][30/200]	Time 1.008s (1.090s)	Speed 31.7 samples/s	Data 0.001s (0.077s)	Loss 0.00985 (0.01099)
2021-11-04 19:53:40,602 Epoch: [9][40/200]	Time 1.007s (1.071s)	Speed 31.8 samples/s	Data 0.001s (0.059s)	Loss 0.01074 (0.01102)
2021-11-04 19:53:50,691 Epoch: [9][50/200]	Time 1.008s (1.059s)	Speed 31.7 samples/s	Data 0.001s (0.047s)	Loss 0.00771 (0.01090)
2021-11-04 19:54:00,782 Epoch: [9][60/200]	Time 1.008s (1.051s)	Speed 31.7 samples/s	Data 0.001s (0.040s)	Loss 0.01117 (0.01075)
2021-11-04 19:54:10,899 Epoch: [9][70/200]	Time 1.022s (1.045s)	Speed 31.3 samples/s	Data 0.001s (0.034s)	Loss 0.01033 (0.01075)
2021-11-04 19:54:21,011 Epoch: [9][80/200]	Time 1.010s (1.041s)	Speed 31.7 samples/s	Data 0.001s (0.030s)	Loss 0.00858 (0.01079)
2021-11-04 19:54:31,153 Epoch: [9][90/200]	Time 1.017s (1.038s)	Speed 31.5 samples/s	Data 0.001s (0.027s)	Loss 0.01152 (0.01071)
2021-11-04 19:54:41,266 Epoch: [9][100/200]	Time 1.011s (1.035s)	Speed 31.7 samples/s	Data 0.001s (0.025s)	Loss 0.01541 (0.01075)
2021-11-04 19:54:51,377 Epoch: [9][110/200]	Time 1.007s (1.033s)	Speed 31.8 samples/s	Data 0.001s (0.022s)	Loss 0.01115 (0.01072)
2021-11-04 19:55:01,492 Epoch: [9][120/200]	Time 1.015s (1.031s)	Speed 31.5 samples/s	Data 0.002s (0.021s)	Loss 0.00982 (0.01066)
2021-11-04 19:55:11,603 Epoch: [9][130/200]	Time 1.012s (1.030s)	Speed 31.6 samples/s	Data 0.002s (0.019s)	Loss 0.00822 (0.01070)
2021-11-04 19:55:21,725 Epoch: [9][140/200]	Time 1.012s (1.029s)	Speed 31.6 samples/s	Data 0.001s (0.018s)	Loss 0.01152 (0.01071)
2021-11-04 19:55:31,849 Epoch: [9][150/200]	Time 1.015s (1.028s)	Speed 31.5 samples/s	Data 0.001s (0.017s)	Loss 0.00918 (0.01070)
2021-11-04 19:55:41,962 Epoch: [9][160/200]	Time 1.009s (1.027s)	Speed 31.7 samples/s	Data 0.001s (0.016s)	Loss 0.01128 (0.01069)
2021-11-04 19:55:52,079 Epoch: [9][170/200]	Time 1.013s (1.026s)	Speed 31.6 samples/s	Data 0.002s (0.015s)	Loss 0.01034 (0.01063)
2021-11-04 19:56:02,203 Epoch: [9][180/200]	Time 1.012s (1.025s)	Speed 31.6 samples/s	Data 0.002s (0.014s)	Loss 0.00996 (0.01061)
2021-11-04 19:56:12,321 Epoch: [9][190/200]	Time 1.010s (1.024s)	Speed 31.7 samples/s	Data 0.001s (0.014s)	Loss 0.00799 (0.01057)
2021-11-04 19:56:42,691 Test: [0/200]	Time 1.248 (1.248)	Loss 0.0585 (0.0585)
2021-11-04 19:56:43,250 Test: [10/200]	Time 0.055 (0.164)	Loss 0.0137 (0.0538)
2021-11-04 19:56:43,803 Test: [20/200]	Time 0.055 (0.112)	Loss 0.0258 (0.0565)
2021-11-04 19:56:44,359 Test: [30/200]	Time 0.055 (0.094)	Loss 0.0714 (0.0579)
2021-11-04 19:56:44,912 Test: [40/200]	Time 0.054 (0.085)	Loss 0.0526 (0.0606)
2021-11-04 19:56:45,468 Test: [50/200]	Time 0.055 (0.079)	Loss 0.0886 (0.0600)
2021-11-04 19:56:46,022 Test: [60/200]	Time 0.055 (0.075)	Loss 0.0682 (0.0613)
2021-11-04 19:56:46,575 Test: [70/200]	Time 0.055 (0.072)	Loss 0.0460 (0.0611)
2021-11-04 19:56:47,127 Test: [80/200]	Time 0.055 (0.070)	Loss 0.0643 (0.0596)
2021-11-04 19:56:47,681 Test: [90/200]	Time 0.054 (0.069)	Loss 0.0723 (0.0618)
2021-11-04 19:56:48,234 Test: [100/200]	Time 0.055 (0.067)	Loss 0.0780 (0.0609)
2021-11-04 19:56:48,786 Test: [110/200]	Time 0.055 (0.066)	Loss 0.1430 (0.0621)
2021-11-04 19:56:49,343 Test: [120/200]	Time 0.055 (0.065)	Loss 0.0652 (0.0609)
2021-11-04 19:56:49,896 Test: [130/200]	Time 0.054 (0.065)	Loss 0.0483 (0.0611)
2021-11-04 19:56:50,448 Test: [140/200]	Time 0.054 (0.064)	Loss 0.0646 (0.0607)
2021-11-04 19:56:51,002 Test: [150/200]	Time 0.055 (0.063)	Loss 0.0431 (0.0595)
2021-11-04 19:56:51,555 Test: [160/200]	Time 0.055 (0.063)	Loss 0.0597 (0.0598)
2021-11-04 19:56:52,108 Test: [170/200]	Time 0.055 (0.062)	Loss 0.0618 (0.0594)
2021-11-04 19:56:52,661 Test: [180/200]	Time 0.054 (0.062)	Loss 0.0371 (0.0588)
2021-11-04 19:56:53,214 Test: [190/200]	Time 0.055 (0.062)	Loss 0.0306 (0.0588)
2021-11-04 19:56:59,477 Mean IoU score: 0.859
2021-11-04 19:56:59,479 => saving checkpoint to out
2021-11-04 19:57:02,279 Epoch: [10][0/200]	Time 2.787s (2.787s)	Speed 11.5 samples/s	Data 1.677s (1.677s)	Loss 0.00766 (0.00766)
2021-11-04 19:57:12,391 Epoch: [10][10/200]	Time 1.007s (1.173s)	Speed 31.8 samples/s	Data 0.001s (0.153s)	Loss 0.00842 (0.00928)
2021-11-04 19:57:22,551 Epoch: [10][20/200]	Time 1.014s (1.098s)	Speed 31.6 samples/s	Data 0.002s (0.081s)	Loss 0.00940 (0.00892)
2021-11-04 19:57:32,687 Epoch: [10][30/200]	Time 1.012s (1.071s)	Speed 31.6 samples/s	Data 0.002s (0.056s)	Loss 0.01082 (0.00924)
2021-11-04 19:57:42,824 Epoch: [10][40/200]	Time 1.010s (1.057s)	Speed 31.7 samples/s	Data 0.002s (0.042s)	Loss 0.00831 (0.00950)
2021-11-04 19:57:52,947 Epoch: [10][50/200]	Time 1.012s (1.048s)	Speed 31.6 samples/s	Data 0.001s (0.034s)	Loss 0.01287 (0.00956)
2021-11-04 19:58:03,071 Epoch: [10][60/200]	Time 1.009s (1.042s)	Speed 31.7 samples/s	Data 0.002s (0.029s)	Loss 0.01289 (0.00964)
2021-11-04 19:58:13,190 Epoch: [10][70/200]	Time 1.013s (1.038s)	Speed 31.6 samples/s	Data 0.001s (0.025s)	Loss 0.00818 (0.00964)
2021-11-04 19:58:23,317 Epoch: [10][80/200]	Time 1.009s (1.035s)	Speed 31.7 samples/s	Data 0.001s (0.022s)	Loss 0.01037 (0.00964)
2021-11-04 19:58:33,436 Epoch: [10][90/200]	Time 1.011s (1.032s)	Speed 31.7 samples/s	Data 0.002s (0.020s)	Loss 0.00809 (0.00963)
2021-11-04 19:58:43,547 Epoch: [10][100/200]	Time 1.007s (1.030s)	Speed 31.8 samples/s	Data 0.001s (0.018s)	Loss 0.00873 (0.00967)
2021-11-04 19:58:53,661 Epoch: [10][110/200]	Time 1.008s (1.029s)	Speed 31.7 samples/s	Data 0.002s (0.017s)	Loss 0.00844 (0.00965)
2021-11-04 19:59:03,796 Epoch: [10][120/200]	Time 1.014s (1.027s)	Speed 31.6 samples/s	Data 0.002s (0.015s)	Loss 0.01126 (0.00974)
2021-11-04 19:59:13,914 Epoch: [10][130/200]	Time 1.007s (1.026s)	Speed 31.8 samples/s	Data 0.001s (0.014s)	Loss 0.01009 (0.00977)
2021-11-04 19:59:24,032 Epoch: [10][140/200]	Time 1.008s (1.025s)	Speed 31.8 samples/s	Data 0.001s (0.013s)	Loss 0.00999 (0.00980)
2021-11-04 19:59:34,152 Epoch: [10][150/200]	Time 1.007s (1.024s)	Speed 31.8 samples/s	Data 0.001s (0.013s)	Loss 0.00951 (0.00978)
2021-11-04 19:59:44,272 Epoch: [10][160/200]	Time 1.010s (1.023s)	Speed 31.7 samples/s	Data 0.001s (0.012s)	Loss 0.00870 (0.00979)
2021-11-04 19:59:54,388 Epoch: [10][170/200]	Time 1.011s (1.023s)	Speed 31.6 samples/s	Data 0.001s (0.011s)	Loss 0.01187 (0.00982)
2021-11-04 20:00:04,506 Epoch: [10][180/200]	Time 1.007s (1.022s)	Speed 31.8 samples/s	Data 0.001s (0.011s)	Loss 0.00919 (0.00978)
2021-11-04 20:00:14,607 Epoch: [10][190/200]	Time 1.013s (1.022s)	Speed 31.6 samples/s	Data 0.002s (0.010s)	Loss 0.00977 (0.00977)
2021-11-04 20:00:44,983 Test: [0/200]	Time 1.264 (1.264)	Loss 0.0936 (0.0936)
2021-11-04 20:00:45,541 Test: [10/200]	Time 0.055 (0.166)	Loss 0.0240 (0.0607)
2021-11-04 20:00:46,096 Test: [20/200]	Time 0.054 (0.113)	Loss 0.0353 (0.0631)
2021-11-04 20:00:46,650 Test: [30/200]	Time 0.054 (0.095)	Loss 0.0722 (0.0658)
2021-11-04 20:00:47,205 Test: [40/200]	Time 0.055 (0.085)	Loss 0.0584 (0.0672)
2021-11-04 20:00:47,759 Test: [50/200]	Time 0.054 (0.079)	Loss 0.0902 (0.0658)
2021-11-04 20:00:48,313 Test: [60/200]	Time 0.055 (0.075)	Loss 0.0964 (0.0676)
2021-11-04 20:00:48,867 Test: [70/200]	Time 0.055 (0.072)	Loss 0.0666 (0.0666)
2021-11-04 20:00:49,419 Test: [80/200]	Time 0.055 (0.070)	Loss 0.0677 (0.0650)
2021-11-04 20:00:49,973 Test: [90/200]	Time 0.055 (0.069)	Loss 0.0732 (0.0669)
2021-11-04 20:00:50,524 Test: [100/200]	Time 0.055 (0.067)	Loss 0.0876 (0.0657)
2021-11-04 20:00:51,078 Test: [110/200]	Time 0.055 (0.066)	Loss 0.1641 (0.0666)
2021-11-04 20:00:51,631 Test: [120/200]	Time 0.055 (0.065)	Loss 0.0626 (0.0654)
2021-11-04 20:00:52,184 Test: [130/200]	Time 0.054 (0.065)	Loss 0.0445 (0.0654)
2021-11-04 20:00:52,737 Test: [140/200]	Time 0.055 (0.064)	Loss 0.0667 (0.0647)
2021-11-04 20:00:53,291 Test: [150/200]	Time 0.055 (0.063)	Loss 0.0475 (0.0636)
2021-11-04 20:00:53,844 Test: [160/200]	Time 0.055 (0.063)	Loss 0.0590 (0.0637)
2021-11-04 20:00:54,397 Test: [170/200]	Time 0.054 (0.062)	Loss 0.0595 (0.0630)
2021-11-04 20:00:54,951 Test: [180/200]	Time 0.054 (0.062)	Loss 0.0379 (0.0626)
2021-11-04 20:00:55,504 Test: [190/200]	Time 0.055 (0.062)	Loss 0.0253 (0.0627)
2021-11-04 20:01:01,744 Mean IoU score: 0.852
2021-11-04 20:01:01,745 => saving checkpoint to out
2021-11-04 20:01:04,537 Epoch: [11][0/200]	Time 2.782s (2.782s)	Speed 11.5 samples/s	Data 1.678s (1.678s)	Loss 0.00807 (0.00807)
2021-11-04 20:01:14,649 Epoch: [11][10/200]	Time 1.009s (1.172s)	Speed 31.7 samples/s	Data 0.000s (0.153s)	Loss 0.00918 (0.00833)
2021-11-04 20:01:24,746 Epoch: [11][20/200]	Time 1.009s (1.095s)	Speed 31.7 samples/s	Data 0.001s (0.081s)	Loss 0.01091 (0.00850)
2021-11-04 20:01:34,845 Epoch: [11][30/200]	Time 1.007s (1.067s)	Speed 31.8 samples/s	Data 0.001s (0.055s)	Loss 0.00844 (0.00869)
2021-11-04 20:01:44,944 Epoch: [11][40/200]	Time 1.012s (1.053s)	Speed 31.6 samples/s	Data 0.000s (0.042s)	Loss 0.01191 (0.00887)
2021-11-04 20:01:55,035 Epoch: [11][50/200]	Time 1.007s (1.045s)	Speed 31.8 samples/s	Data 0.000s (0.034s)	Loss 0.00860 (0.00899)
2021-11-04 20:02:05,500 Epoch: [11][60/200]	Time 1.026s (1.045s)	Speed 31.2 samples/s	Data 0.001s (0.029s)	Loss 0.00967 (0.00907)
2021-11-04 20:02:16,124 Epoch: [11][70/200]	Time 1.099s (1.047s)	Speed 29.1 samples/s	Data 0.001s (0.025s)	Loss 0.00992 (0.00903)
2021-11-04 20:02:26,955 Epoch: [11][80/200]	Time 1.101s (1.052s)	Speed 29.1 samples/s	Data 0.001s (0.022s)	Loss 0.00885 (0.00901)
2021-11-04 20:02:38,106 Epoch: [11][90/200]	Time 1.092s (1.059s)	Speed 29.3 samples/s	Data 0.001s (0.020s)	Loss 0.00853 (0.00896)
2021-11-04 20:02:48,613 Epoch: [11][100/200]	Time 1.047s (1.058s)	Speed 30.6 samples/s	Data 0.001s (0.018s)	Loss 0.00896 (0.00897)
2021-11-04 20:02:59,121 Epoch: [11][110/200]	Time 1.048s (1.057s)	Speed 30.5 samples/s	Data 0.001s (0.016s)	Loss 0.01075 (0.00891)
2021-11-04 20:03:09,723 Epoch: [11][120/200]	Time 1.093s (1.058s)	Speed 29.3 samples/s	Data 0.001s (0.015s)	Loss 0.00804 (0.00891)
2021-11-04 20:03:20,145 Epoch: [11][130/200]	Time 1.035s (1.056s)	Speed 30.9 samples/s	Data 0.001s (0.014s)	Loss 0.00861 (0.00891)
2021-11-04 20:03:30,572 Epoch: [11][140/200]	Time 1.047s (1.055s)	Speed 30.6 samples/s	Data 0.001s (0.013s)	Loss 0.01179 (0.00900)
2021-11-04 20:03:41,010 Epoch: [11][150/200]	Time 1.040s (1.055s)	Speed 30.8 samples/s	Data 0.001s (0.012s)	Loss 0.01115 (0.00901)
2021-11-04 20:03:51,401 Epoch: [11][160/200]	Time 1.039s (1.054s)	Speed 30.8 samples/s	Data 0.001s (0.011s)	Loss 0.01071 (0.00904)
2021-11-04 20:04:01,810 Epoch: [11][170/200]	Time 1.048s (1.053s)	Speed 30.5 samples/s	Data 0.001s (0.011s)	Loss 0.01006 (0.00909)
2021-11-04 20:04:12,217 Epoch: [11][180/200]	Time 1.038s (1.052s)	Speed 30.8 samples/s	Data 0.001s (0.010s)	Loss 0.00862 (0.00909)
2021-11-04 20:04:22,619 Epoch: [11][190/200]	Time 1.046s (1.052s)	Speed 30.6 samples/s	Data 0.000s (0.010s)	Loss 0.00927 (0.00909)
2021-11-04 20:04:53,214 Test: [0/200]	Time 1.195 (1.195)	Loss 0.0680 (0.0680)
2021-11-04 20:04:53,805 Test: [10/200]	Time 0.055 (0.162)	Loss 0.0235 (0.0595)
2021-11-04 20:04:54,388 Test: [20/200]	Time 0.058 (0.113)	Loss 0.0262 (0.0580)
2021-11-04 20:04:54,975 Test: [30/200]	Time 0.059 (0.095)	Loss 0.0770 (0.0592)
2021-11-04 20:04:55,564 Test: [40/200]	Time 0.057 (0.086)	Loss 0.0491 (0.0606)
2021-11-04 20:04:56,143 Test: [50/200]	Time 0.058 (0.081)	Loss 0.0955 (0.0601)
2021-11-04 20:04:56,718 Test: [60/200]	Time 0.057 (0.077)	Loss 0.0979 (0.0621)
2021-11-04 20:04:57,306 Test: [70/200]	Time 0.058 (0.074)	Loss 0.0515 (0.0620)
2021-11-04 20:04:57,882 Test: [80/200]	Time 0.056 (0.072)	Loss 0.0608 (0.0601)
2021-11-04 20:04:58,459 Test: [90/200]	Time 0.059 (0.071)	Loss 0.0573 (0.0616)
2021-11-04 20:04:59,035 Test: [100/200]	Time 0.056 (0.069)	Loss 0.0891 (0.0606)
2021-11-04 20:04:59,621 Test: [110/200]	Time 0.061 (0.068)	Loss 0.1516 (0.0620)
2021-11-04 20:05:00,219 Test: [120/200]	Time 0.057 (0.068)	Loss 0.0731 (0.0606)
2021-11-04 20:05:00,803 Test: [130/200]	Time 0.058 (0.067)	Loss 0.0441 (0.0611)
2021-11-04 20:05:01,380 Test: [140/200]	Time 0.057 (0.066)	Loss 0.0706 (0.0609)
2021-11-04 20:05:01,979 Test: [150/200]	Time 0.058 (0.066)	Loss 0.0511 (0.0598)
2021-11-04 20:05:02,630 Test: [160/200]	Time 0.059 (0.066)	Loss 0.0595 (0.0601)
2021-11-04 20:05:03,244 Test: [170/200]	Time 0.059 (0.066)	Loss 0.0557 (0.0596)
2021-11-04 20:05:03,976 Test: [180/200]	Time 0.060 (0.066)	Loss 0.0350 (0.0591)
2021-11-04 20:05:04,623 Test: [190/200]	Time 0.090 (0.066)	Loss 0.0294 (0.0591)
2021-11-04 20:05:11,013 Mean IoU score: 0.861
2021-11-04 20:05:11,018 => saving checkpoint to out
2021-11-04 20:05:13,549 Epoch: [12][0/200]	Time 2.513s (2.513s)	Speed 12.7 samples/s	Data 1.196s (1.196s)	Loss 0.01083 (0.01083)
2021-11-04 20:05:24,231 Epoch: [12][10/200]	Time 1.130s (1.200s)	Speed 28.3 samples/s	Data 0.001s (0.109s)	Loss 0.01011 (0.00986)
2021-11-04 20:05:35,388 Epoch: [12][20/200]	Time 1.292s (1.160s)	Speed 24.8 samples/s	Data 0.004s (0.058s)	Loss 0.01085 (0.00919)
2021-11-04 20:05:46,402 Epoch: [12][30/200]	Time 1.083s (1.141s)	Speed 29.5 samples/s	Data 0.001s (0.040s)	Loss 0.00902 (0.00900)
2021-11-04 20:05:57,287 Epoch: [12][40/200]	Time 1.067s (1.128s)	Speed 30.0 samples/s	Data 0.001s (0.030s)	Loss 0.00883 (0.00892)
2021-11-04 20:06:07,826 Epoch: [12][50/200]	Time 1.015s (1.114s)	Speed 31.5 samples/s	Data 0.001s (0.024s)	Loss 0.00800 (0.00880)
2021-11-04 20:06:18,055 Epoch: [12][60/200]	Time 1.015s (1.099s)	Speed 31.5 samples/s	Data 0.001s (0.021s)	Loss 0.00656 (0.00877)
2021-11-04 20:06:29,461 Epoch: [12][70/200]	Time 1.065s (1.105s)	Speed 30.1 samples/s	Data 0.001s (0.018s)	Loss 0.00950 (0.00871)
2021-11-04 20:06:40,219 Epoch: [12][80/200]	Time 1.056s (1.101s)	Speed 30.3 samples/s	Data 0.001s (0.016s)	Loss 0.00929 (0.00875)
2021-11-04 20:06:50,937 Epoch: [12][90/200]	Time 1.083s (1.098s)	Speed 29.6 samples/s	Data 0.001s (0.014s)	Loss 0.00665 (0.00872)
2021-11-04 20:07:01,632 Epoch: [12][100/200]	Time 1.083s (1.095s)	Speed 29.5 samples/s	Data 0.001s (0.013s)	Loss 0.00831 (0.00867)
2021-11-04 20:07:12,394 Epoch: [12][110/200]	Time 1.065s (1.093s)	Speed 30.1 samples/s	Data 0.001s (0.012s)	Loss 0.00708 (0.00871)
2021-11-04 20:07:23,105 Epoch: [12][120/200]	Time 1.061s (1.091s)	Speed 30.2 samples/s	Data 0.001s (0.011s)	Loss 0.00751 (0.00867)
2021-11-04 20:07:33,857 Epoch: [12][130/200]	Time 1.059s (1.090s)	Speed 30.2 samples/s	Data 0.001s (0.010s)	Loss 0.00906 (0.00869)
2021-11-04 20:07:44,534 Epoch: [12][140/200]	Time 1.077s (1.089s)	Speed 29.7 samples/s	Data 0.001s (0.009s)	Loss 0.00923 (0.00871)
2021-11-04 20:07:55,300 Epoch: [12][150/200]	Time 1.071s (1.088s)	Speed 29.9 samples/s	Data 0.001s (0.009s)	Loss 0.01055 (0.00875)
2021-11-04 20:08:06,076 Epoch: [12][160/200]	Time 1.071s (1.087s)	Speed 29.9 samples/s	Data 0.001s (0.008s)	Loss 0.01085 (0.00874)
2021-11-04 20:08:16,896 Epoch: [12][170/200]	Time 1.085s (1.087s)	Speed 29.5 samples/s	Data 0.001s (0.008s)	Loss 0.00789 (0.00876)
2021-11-04 20:08:27,799 Epoch: [12][180/200]	Time 1.065s (1.087s)	Speed 30.1 samples/s	Data 0.001s (0.007s)	Loss 0.00766 (0.00876)
2021-11-04 20:08:38,695 Epoch: [12][190/200]	Time 1.078s (1.087s)	Speed 29.7 samples/s	Data 0.001s (0.007s)	Loss 0.00759 (0.00874)
2021-11-04 20:09:09,614 Test: [0/200]	Time 1.161 (1.161)	Loss 0.0826 (0.0826)
2021-11-04 20:09:10,218 Test: [10/200]	Time 0.057 (0.160)	Loss 0.0081 (0.0581)
2021-11-04 20:09:10,817 Test: [20/200]	Time 0.058 (0.113)	Loss 0.0308 (0.0613)
2021-11-04 20:09:11,413 Test: [30/200]	Time 0.059 (0.095)	Loss 0.0748 (0.0625)
2021-11-04 20:09:12,007 Test: [40/200]	Time 0.058 (0.087)	Loss 0.0646 (0.0653)
2021-11-04 20:09:12,597 Test: [50/200]	Time 0.059 (0.081)	Loss 0.1006 (0.0659)
2021-11-04 20:09:13,189 Test: [60/200]	Time 0.059 (0.078)	Loss 0.0932 (0.0683)
2021-11-04 20:09:13,782 Test: [70/200]	Time 0.061 (0.075)	Loss 0.0558 (0.0678)
2021-11-04 20:09:14,370 Test: [80/200]	Time 0.057 (0.073)	Loss 0.0705 (0.0660)
2021-11-04 20:09:14,963 Test: [90/200]	Time 0.058 (0.072)	Loss 0.0749 (0.0678)
2021-11-04 20:09:15,555 Test: [100/200]	Time 0.058 (0.070)	Loss 0.0939 (0.0663)
2021-11-04 20:09:16,193 Test: [110/200]	Time 0.059 (0.070)	Loss 0.1545 (0.0671)
2021-11-04 20:09:16,787 Test: [120/200]	Time 0.061 (0.069)	Loss 0.0755 (0.0661)
2021-11-04 20:09:17,377 Test: [130/200]	Time 0.058 (0.068)	Loss 0.0586 (0.0658)
2021-11-04 20:09:17,969 Test: [140/200]	Time 0.057 (0.067)	Loss 0.0703 (0.0658)
2021-11-04 20:09:18,561 Test: [150/200]	Time 0.058 (0.067)	Loss 0.0599 (0.0647)
2021-11-04 20:09:19,153 Test: [160/200]	Time 0.059 (0.066)	Loss 0.0585 (0.0652)
2021-11-04 20:09:19,743 Test: [170/200]	Time 0.059 (0.066)	Loss 0.0567 (0.0643)
2021-11-04 20:09:20,334 Test: [180/200]	Time 0.057 (0.066)	Loss 0.0395 (0.0638)
2021-11-04 20:09:20,931 Test: [190/200]	Time 0.060 (0.065)	Loss 0.0254 (0.0638)
2021-11-04 20:09:27,237 Mean IoU score: 0.852
2021-11-04 20:09:27,238 => saving checkpoint to out
2021-11-04 20:09:29,832 Epoch: [13][0/200]	Time 2.583s (2.583s)	Speed 12.4 samples/s	Data 1.396s (1.396s)	Loss 0.00546 (0.00546)
2021-11-04 20:09:40,653 Epoch: [13][10/200]	Time 1.088s (1.218s)	Speed 29.4 samples/s	Data 0.001s (0.127s)	Loss 0.00740 (0.00853)
2021-11-04 20:09:51,563 Epoch: [13][20/200]	Time 1.083s (1.158s)	Speed 29.5 samples/s	Data 0.001s (0.067s)	Loss 0.00648 (0.00804)
2021-11-04 20:10:02,349 Epoch: [13][30/200]	Time 1.087s (1.132s)	Speed 29.4 samples/s	Data 0.001s (0.046s)	Loss 0.00729 (0.00817)
2021-11-04 20:10:13,244 Epoch: [13][40/200]	Time 1.077s (1.122s)	Speed 29.7 samples/s	Data 0.001s (0.035s)	Loss 0.00948 (0.00822)
2021-11-04 20:10:24,217 Epoch: [13][50/200]	Time 1.104s (1.117s)	Speed 29.0 samples/s	Data 0.001s (0.028s)	Loss 0.00902 (0.00818)
2021-11-04 20:10:35,276 Epoch: [13][60/200]	Time 1.103s (1.115s)	Speed 29.0 samples/s	Data 0.001s (0.024s)	Loss 0.00987 (0.00825)
2021-11-04 20:10:46,293 Epoch: [13][70/200]	Time 1.103s (1.113s)	Speed 29.0 samples/s	Data 0.001s (0.021s)	Loss 0.00944 (0.00822)
2021-11-04 20:10:57,397 Epoch: [13][80/200]	Time 1.101s (1.113s)	Speed 29.1 samples/s	Data 0.001s (0.018s)	Loss 0.00876 (0.00830)
2021-11-04 20:11:08,531 Epoch: [13][90/200]	Time 1.124s (1.113s)	Speed 28.5 samples/s	Data 0.001s (0.016s)	Loss 0.01062 (0.00836)
2021-11-04 20:11:19,779 Epoch: [13][100/200]	Time 1.130s (1.114s)	Speed 28.3 samples/s	Data 0.001s (0.015s)	Loss 0.00619 (0.00838)
2021-11-04 20:11:30,973 Epoch: [13][110/200]	Time 1.117s (1.115s)	Speed 28.7 samples/s	Data 0.001s (0.013s)	Loss 0.00898 (0.00841)
2021-11-04 20:11:42,186 Epoch: [13][120/200]	Time 1.112s (1.115s)	Speed 28.8 samples/s	Data 0.001s (0.012s)	Loss 0.00821 (0.00841)
2021-11-04 20:11:53,303 Epoch: [13][130/200]	Time 1.108s (1.115s)	Speed 28.9 samples/s	Data 0.001s (0.011s)	Loss 0.01005 (0.00842)
2021-11-04 20:12:04,439 Epoch: [13][140/200]	Time 1.112s (1.115s)	Speed 28.8 samples/s	Data 0.001s (0.011s)	Loss 0.00953 (0.00844)
2021-11-04 20:12:15,559 Epoch: [13][150/200]	Time 1.121s (1.115s)	Speed 28.5 samples/s	Data 0.001s (0.010s)	Loss 0.00818 (0.00843)
2021-11-04 20:12:26,800 Epoch: [13][160/200]	Time 1.147s (1.115s)	Speed 27.9 samples/s	Data 0.001s (0.009s)	Loss 0.00936 (0.00844)
2021-11-04 20:12:38,190 Epoch: [13][170/200]	Time 1.123s (1.117s)	Speed 28.5 samples/s	Data 0.001s (0.009s)	Loss 0.01039 (0.00846)
2021-11-04 20:12:49,466 Epoch: [13][180/200]	Time 1.090s (1.117s)	Speed 29.4 samples/s	Data 0.001s (0.009s)	Loss 0.00907 (0.00845)
2021-11-04 20:13:00,641 Epoch: [13][190/200]	Time 1.127s (1.117s)	Speed 28.4 samples/s	Data 0.001s (0.008s)	Loss 0.00813 (0.00843)
2021-11-04 20:13:32,012 Test: [0/200]	Time 1.212 (1.212)	Loss 0.0724 (0.0724)
2021-11-04 20:13:32,616 Test: [10/200]	Time 0.057 (0.165)	Loss 0.0221 (0.0599)
2021-11-04 20:13:33,215 Test: [20/200]	Time 0.060 (0.115)	Loss 0.0407 (0.0622)
2021-11-04 20:13:33,817 Test: [30/200]	Time 0.059 (0.097)	Loss 0.0792 (0.0660)
2021-11-04 20:13:34,415 Test: [40/200]	Time 0.058 (0.088)	Loss 0.0579 (0.0690)
2021-11-04 20:13:35,009 Test: [50/200]	Time 0.061 (0.083)	Loss 0.1166 (0.0687)
2021-11-04 20:13:35,616 Test: [60/200]	Time 0.060 (0.079)	Loss 0.0969 (0.0715)
2021-11-04 20:13:36,221 Test: [70/200]	Time 0.060 (0.076)	Loss 0.0573 (0.0705)
2021-11-04 20:13:36,822 Test: [80/200]	Time 0.058 (0.074)	Loss 0.0850 (0.0689)
2021-11-04 20:13:37,424 Test: [90/200]	Time 0.060 (0.073)	Loss 0.0748 (0.0704)
2021-11-04 20:13:38,051 Test: [100/200]	Time 0.062 (0.072)	Loss 0.0938 (0.0694)
2021-11-04 20:13:38,669 Test: [110/200]	Time 0.061 (0.071)	Loss 0.1719 (0.0703)
2021-11-04 20:13:39,288 Test: [120/200]	Time 0.062 (0.070)	Loss 0.0793 (0.0694)
2021-11-04 20:13:39,908 Test: [130/200]	Time 0.060 (0.070)	Loss 0.0484 (0.0695)
2021-11-04 20:13:40,529 Test: [140/200]	Time 0.059 (0.069)	Loss 0.0620 (0.0693)
2021-11-04 20:13:41,139 Test: [150/200]	Time 0.061 (0.068)	Loss 0.0676 (0.0681)
2021-11-04 20:13:41,763 Test: [160/200]	Time 0.062 (0.068)	Loss 0.0598 (0.0685)
2021-11-04 20:13:42,392 Test: [170/200]	Time 0.059 (0.068)	Loss 0.0570 (0.0678)
2021-11-04 20:13:43,004 Test: [180/200]	Time 0.065 (0.067)	Loss 0.0454 (0.0672)
2021-11-04 20:13:43,624 Test: [190/200]	Time 0.059 (0.067)	Loss 0.0244 (0.0672)
2021-11-04 20:13:49,938 Mean IoU score: 0.845
2021-11-04 20:13:49,942 => saving checkpoint to out
2021-11-04 20:13:52,575 Epoch: [14][0/200]	Time 2.621s (2.621s)	Speed 12.2 samples/s	Data 1.410s (1.410s)	Loss 0.00627 (0.00627)
2021-11-04 20:14:03,508 Epoch: [14][10/200]	Time 1.092s (1.232s)	Speed 29.3 samples/s	Data 0.001s (0.129s)	Loss 0.00648 (0.00757)
2021-11-04 20:14:14,512 Epoch: [14][20/200]	Time 1.091s (1.169s)	Speed 29.3 samples/s	Data 0.001s (0.068s)	Loss 0.00787 (0.00770)
2021-11-04 20:14:25,709 Epoch: [14][30/200]	Time 1.122s (1.153s)	Speed 28.5 samples/s	Data 0.001s (0.046s)	Loss 0.00781 (0.00754)
2021-11-04 20:14:37,087 Epoch: [14][40/200]	Time 1.141s (1.150s)	Speed 28.1 samples/s	Data 0.001s (0.035s)	Loss 0.00687 (0.00771)
2021-11-04 20:14:48,513 Epoch: [14][50/200]	Time 1.157s (1.148s)	Speed 27.7 samples/s	Data 0.001s (0.028s)	Loss 0.00941 (0.00784)
2021-11-04 20:14:59,912 Epoch: [14][60/200]	Time 1.134s (1.147s)	Speed 28.2 samples/s	Data 0.001s (0.024s)	Loss 0.00706 (0.00785)
2021-11-04 20:15:11,244 Epoch: [14][70/200]	Time 1.127s (1.145s)	Speed 28.4 samples/s	Data 0.001s (0.021s)	Loss 0.00787 (0.00798)
2021-11-04 20:15:22,739 Epoch: [14][80/200]	Time 1.154s (1.146s)	Speed 27.7 samples/s	Data 0.001s (0.018s)	Loss 0.00962 (0.00798)
2021-11-04 20:15:34,144 Epoch: [14][90/200]	Time 1.134s (1.145s)	Speed 28.2 samples/s	Data 0.001s (0.016s)	Loss 0.00865 (0.00811)
2021-11-04 20:15:45,519 Epoch: [14][100/200]	Time 1.137s (1.144s)	Speed 28.1 samples/s	Data 0.001s (0.015s)	Loss 0.00965 (0.00816)
2021-11-04 20:15:56,881 Epoch: [14][110/200]	Time 1.136s (1.143s)	Speed 28.2 samples/s	Data 0.001s (0.013s)	Loss 0.00688 (0.00823)
2021-11-04 20:16:08,340 Epoch: [14][120/200]	Time 1.154s (1.144s)	Speed 27.7 samples/s	Data 0.001s (0.012s)	Loss 0.00818 (0.00821)
2021-11-04 20:16:19,812 Epoch: [14][130/200]	Time 1.160s (1.144s)	Speed 27.6 samples/s	Data 0.001s (0.012s)	Loss 0.00701 (0.00819)
2021-11-04 20:16:31,310 Epoch: [14][140/200]	Time 1.154s (1.144s)	Speed 27.7 samples/s	Data 0.001s (0.011s)	Loss 0.00628 (0.00821)
2021-11-04 20:16:42,779 Epoch: [14][150/200]	Time 1.127s (1.145s)	Speed 28.4 samples/s	Data 0.001s (0.010s)	Loss 0.00872 (0.00820)
2021-11-04 20:16:54,197 Epoch: [14][160/200]	Time 1.144s (1.144s)	Speed 28.0 samples/s	Data 0.001s (0.010s)	Loss 0.00690 (0.00821)
2021-11-04 20:17:05,574 Epoch: [14][170/200]	Time 1.149s (1.144s)	Speed 27.9 samples/s	Data 0.001s (0.009s)	Loss 0.01067 (0.00834)
2021-11-04 20:17:17,016 Epoch: [14][180/200]	Time 1.131s (1.144s)	Speed 28.3 samples/s	Data 0.001s (0.009s)	Loss 0.01761 (0.00864)
2021-11-04 20:17:28,564 Epoch: [14][190/200]	Time 1.149s (1.145s)	Speed 27.8 samples/s	Data 0.001s (0.008s)	Loss 0.02931 (0.00954)
2021-11-04 20:18:00,223 Test: [0/200]	Time 1.198 (1.198)	Loss 0.6771 (0.6771)
2021-11-04 20:18:00,838 Test: [10/200]	Time 0.060 (0.165)	Loss 1.0210 (0.7902)
2021-11-04 20:18:01,448 Test: [20/200]	Time 0.061 (0.115)	Loss 0.8536 (0.7589)
2021-11-04 20:18:02,052 Test: [30/200]	Time 0.060 (0.098)	Loss 0.6473 (0.7556)
2021-11-04 20:18:02,666 Test: [40/200]	Time 0.062 (0.089)	Loss 0.7572 (0.7429)
2021-11-04 20:18:03,273 Test: [50/200]	Time 0.059 (0.083)	Loss 0.6166 (0.7302)
2021-11-04 20:18:03,874 Test: [60/200]	Time 0.058 (0.079)	Loss 0.6006 (0.7363)
2021-11-04 20:18:04,479 Test: [70/200]	Time 0.061 (0.077)	Loss 0.7119 (0.7377)
2021-11-04 20:18:05,083 Test: [80/200]	Time 0.059 (0.075)	Loss 0.5371 (0.7423)
2021-11-04 20:18:05,686 Test: [90/200]	Time 0.058 (0.073)	Loss 0.7128 (0.7400)
2021-11-04 20:18:06,295 Test: [100/200]	Time 0.060 (0.072)	Loss 0.6054 (0.7407)
2021-11-04 20:18:06,914 Test: [110/200]	Time 0.061 (0.071)	Loss 0.7347 (0.7427)
2021-11-04 20:18:07,530 Test: [120/200]	Time 0.060 (0.070)	Loss 0.5872 (0.7416)
2021-11-04 20:18:08,143 Test: [130/200]	Time 0.059 (0.070)	Loss 0.7115 (0.7394)
2021-11-04 20:18:08,749 Test: [140/200]	Time 0.061 (0.069)	Loss 0.7571 (0.7392)
2021-11-04 20:18:09,372 Test: [150/200]	Time 0.062 (0.069)	Loss 0.5558 (0.7367)
2021-11-04 20:18:09,986 Test: [160/200]	Time 0.060 (0.068)	Loss 0.6833 (0.7372)
2021-11-04 20:18:10,606 Test: [170/200]	Time 0.059 (0.068)	Loss 0.8917 (0.7379)
2021-11-04 20:18:11,226 Test: [180/200]	Time 0.062 (0.067)	Loss 0.9200 (0.7404)
2021-11-04 20:18:11,855 Test: [190/200]	Time 0.061 (0.067)	Loss 0.6783 (0.7398)
2021-11-04 20:18:18,199 Mean IoU score: 0.493
2021-11-04 20:18:18,200 => saving checkpoint to out
2021-11-04 20:18:20,863 Epoch: [15][0/200]	Time 2.608s (2.608s)	Speed 12.3 samples/s	Data 1.390s (1.390s)	Loss 0.02033 (0.02033)
2021-11-04 20:18:31,792 Epoch: [15][10/200]	Time 1.107s (1.231s)	Speed 28.9 samples/s	Data 0.001s (0.127s)	Loss 0.03381 (0.02663)
2021-11-04 20:18:43,043 Epoch: [15][20/200]	Time 1.138s (1.180s)	Speed 28.1 samples/s	Data 0.001s (0.067s)	Loss 0.02107 (0.02530)
2021-11-04 20:18:54,231 Epoch: [15][30/200]	Time 1.123s (1.161s)	Speed 28.5 samples/s	Data 0.001s (0.046s)	Loss 0.02068 (0.02410)
2021-11-04 20:19:05,537 Epoch: [15][40/200]	Time 1.139s (1.153s)	Speed 28.1 samples/s	Data 0.001s (0.035s)	Loss 0.02092 (0.02251)
2021-11-04 20:19:17,153 Epoch: [15][50/200]	Time 1.170s (1.155s)	Speed 27.4 samples/s	Data 0.001s (0.028s)	Loss 0.02212 (0.02154)
2021-11-04 20:19:28,740 Epoch: [15][60/200]	Time 1.112s (1.156s)	Speed 28.8 samples/s	Data 0.001s (0.024s)	Loss 0.01294 (0.02121)
2021-11-04 20:19:40,175 Epoch: [15][70/200]	Time 1.124s (1.154s)	Speed 28.5 samples/s	Data 0.001s (0.020s)	Loss 0.01185 (0.02054)
2021-11-04 20:19:51,537 Epoch: [15][80/200]	Time 1.138s (1.152s)	Speed 28.1 samples/s	Data 0.001s (0.018s)	Loss 0.01270 (0.02002)
2021-11-04 20:20:03,129 Epoch: [15][90/200]	Time 1.159s (1.152s)	Speed 27.6 samples/s	Data 0.001s (0.016s)	Loss 0.01387 (0.01983)
2021-11-04 20:20:14,667 Epoch: [15][100/200]	Time 1.170s (1.153s)	Speed 27.3 samples/s	Data 0.001s (0.015s)	Loss 0.02054 (0.01963)
2021-11-04 20:20:26,225 Epoch: [15][110/200]	Time 1.115s (1.153s)	Speed 28.7 samples/s	Data 0.001s (0.013s)	Loss 0.00979 (0.01917)
2021-11-04 20:20:37,862 Epoch: [15][120/200]	Time 1.156s (1.154s)	Speed 27.7 samples/s	Data 0.001s (0.012s)	Loss 0.01312 (0.01886)
2021-11-04 20:20:49,507 Epoch: [15][130/200]	Time 1.154s (1.155s)	Speed 27.7 samples/s	Data 0.001s (0.011s)	Loss 0.01100 (0.01875)
2021-11-04 20:21:01,059 Epoch: [15][140/200]	Time 1.175s (1.155s)	Speed 27.2 samples/s	Data 0.001s (0.011s)	Loss 0.02583 (0.01861)
2021-11-04 20:21:12,808 Epoch: [15][150/200]	Time 1.188s (1.156s)	Speed 26.9 samples/s	Data 0.001s (0.010s)	Loss 0.02234 (0.01850)
2021-11-04 20:21:24,696 Epoch: [15][160/200]	Time 1.144s (1.158s)	Speed 28.0 samples/s	Data 0.001s (0.009s)	Loss 0.01965 (0.01832)
2021-11-04 20:21:36,304 Epoch: [15][170/200]	Time 1.136s (1.158s)	Speed 28.2 samples/s	Data 0.001s (0.009s)	Loss 0.00946 (0.01806)
2021-11-04 20:21:47,865 Epoch: [15][180/200]	Time 1.188s (1.158s)	Speed 26.9 samples/s	Data 0.001s (0.009s)	Loss 0.01223 (0.01780)
2021-11-04 20:21:59,610 Epoch: [15][190/200]	Time 1.155s (1.159s)	Speed 27.7 samples/s	Data 0.001s (0.008s)	Loss 0.01153 (0.01751)
2021-11-04 20:22:31,353 Test: [0/200]	Time 1.199 (1.199)	Loss 0.0683 (0.0683)
2021-11-04 20:22:31,983 Test: [10/200]	Time 0.058 (0.166)	Loss 0.0100 (0.0554)
2021-11-04 20:22:32,596 Test: [20/200]	Time 0.058 (0.116)	Loss 0.0365 (0.0585)
2021-11-04 20:22:33,208 Test: [30/200]	Time 0.059 (0.099)	Loss 0.1327 (0.0640)
2021-11-04 20:22:33,810 Test: [40/200]	Time 0.059 (0.089)	Loss 0.0525 (0.0653)
2021-11-04 20:22:34,410 Test: [50/200]	Time 0.059 (0.083)	Loss 0.0705 (0.0641)
2021-11-04 20:22:35,007 Test: [60/200]	Time 0.059 (0.080)	Loss 0.0877 (0.0667)
2021-11-04 20:22:35,602 Test: [70/200]	Time 0.059 (0.077)	Loss 0.0529 (0.0668)
2021-11-04 20:22:36,206 Test: [80/200]	Time 0.062 (0.075)	Loss 0.0645 (0.0652)
2021-11-04 20:22:36,803 Test: [90/200]	Time 0.059 (0.073)	Loss 0.1138 (0.0662)
2021-11-04 20:22:37,401 Test: [100/200]	Time 0.059 (0.072)	Loss 0.1178 (0.0669)
2021-11-04 20:22:38,004 Test: [110/200]	Time 0.061 (0.071)	Loss 0.1433 (0.0683)
2021-11-04 20:22:38,618 Test: [120/200]	Time 0.059 (0.070)	Loss 0.0892 (0.0669)
2021-11-04 20:22:39,228 Test: [130/200]	Time 0.059 (0.069)	Loss 0.0579 (0.0681)
2021-11-04 20:22:39,835 Test: [140/200]	Time 0.061 (0.069)	Loss 0.0695 (0.0673)
2021-11-04 20:22:40,443 Test: [150/200]	Time 0.060 (0.068)	Loss 0.0463 (0.0660)
2021-11-04 20:22:41,059 Test: [160/200]	Time 0.063 (0.068)	Loss 0.0594 (0.0661)
2021-11-04 20:22:41,667 Test: [170/200]	Time 0.059 (0.067)	Loss 0.0726 (0.0653)
2021-11-04 20:22:42,271 Test: [180/200]	Time 0.061 (0.067)	Loss 0.0435 (0.0647)
2021-11-04 20:22:42,882 Test: [190/200]	Time 0.061 (0.067)	Loss 0.0289 (0.0646)
2021-11-04 20:22:49,192 Mean IoU score: 0.840
2021-11-04 20:22:49,196 => saving checkpoint to out
2021-11-04 20:22:51,757 Epoch: [16][0/200]	Time 2.545s (2.545s)	Speed 12.6 samples/s	Data 1.333s (1.333s)	Loss 0.01016 (0.01016)
2021-11-04 20:23:02,641 Epoch: [16][10/200]	Time 1.082s (1.221s)	Speed 29.6 samples/s	Data 0.001s (0.122s)	Loss 0.01023 (0.01211)
2021-11-04 20:23:13,650 Epoch: [16][20/200]	Time 1.123s (1.164s)	Speed 28.5 samples/s	Data 0.001s (0.064s)	Loss 0.01143 (0.01221)
2021-11-04 20:23:24,914 Epoch: [16][30/200]	Time 1.127s (1.152s)	Speed 28.4 samples/s	Data 0.001s (0.044s)	Loss 0.00955 (0.01167)
2021-11-04 20:23:36,223 Epoch: [16][40/200]	Time 1.111s (1.147s)	Speed 28.8 samples/s	Data 0.001s (0.033s)	Loss 0.01027 (0.01125)
2021-11-04 20:23:47,435 Epoch: [16][50/200]	Time 1.093s (1.142s)	Speed 29.3 samples/s	Data 0.001s (0.027s)	Loss 0.01245 (0.01094)
2021-11-04 20:23:58,664 Epoch: [16][60/200]	Time 1.149s (1.139s)	Speed 27.9 samples/s	Data 0.001s (0.023s)	Loss 0.01103 (0.01083)
2021-11-04 20:24:09,895 Epoch: [16][70/200]	Time 1.116s (1.136s)	Speed 28.7 samples/s	Data 0.001s (0.020s)	Loss 0.01075 (0.01076)
2021-11-04 20:24:21,516 Epoch: [16][80/200]	Time 1.160s (1.140s)	Speed 27.6 samples/s	Data 0.001s (0.017s)	Loss 0.00651 (0.01053)
2021-11-04 20:24:33,153 Epoch: [16][90/200]	Time 1.145s (1.142s)	Speed 27.9 samples/s	Data 0.001s (0.015s)	Loss 0.01081 (0.01058)
2021-11-04 20:24:44,707 Epoch: [16][100/200]	Time 1.172s (1.144s)	Speed 27.3 samples/s	Data 0.001s (0.014s)	Loss 0.01184 (0.01053)
2021-11-04 20:24:56,453 Epoch: [16][110/200]	Time 1.186s (1.146s)	Speed 27.0 samples/s	Data 0.001s (0.013s)	Loss 0.00980 (0.01046)
2021-11-04 20:25:08,127 Epoch: [16][120/200]	Time 1.153s (1.148s)	Speed 27.8 samples/s	Data 0.001s (0.012s)	Loss 0.01158 (0.01047)
2021-11-04 20:25:19,762 Epoch: [16][130/200]	Time 1.164s (1.149s)	Speed 27.5 samples/s	Data 0.001s (0.011s)	Loss 0.00853 (0.01038)
2021-11-04 20:25:31,374 Epoch: [16][140/200]	Time 1.154s (1.150s)	Speed 27.7 samples/s	Data 0.001s (0.010s)	Loss 0.01052 (0.01030)
2021-11-04 20:25:42,844 Epoch: [16][150/200]	Time 1.132s (1.150s)	Speed 28.3 samples/s	Data 0.001s (0.010s)	Loss 0.00964 (0.01025)
2021-11-04 20:25:54,359 Epoch: [16][160/200]	Time 1.146s (1.150s)	Speed 27.9 samples/s	Data 0.001s (0.009s)	Loss 0.00892 (0.01020)
2021-11-04 20:26:05,865 Epoch: [16][170/200]	Time 1.158s (1.150s)	Speed 27.6 samples/s	Data 0.001s (0.009s)	Loss 0.01137 (0.01019)
2021-11-04 20:26:17,436 Epoch: [16][180/200]	Time 1.195s (1.150s)	Speed 26.8 samples/s	Data 0.001s (0.008s)	Loss 0.00835 (0.01010)
2021-11-04 20:26:28,970 Epoch: [16][190/200]	Time 1.133s (1.151s)	Speed 28.3 samples/s	Data 0.001s (0.008s)	Loss 0.00991 (0.01006)
2021-11-04 20:27:00,705 Test: [0/200]	Time 1.160 (1.160)	Loss 0.0782 (0.0782)
2021-11-04 20:27:01,323 Test: [10/200]	Time 0.059 (0.162)	Loss 0.0078 (0.0481)
2021-11-04 20:27:01,925 Test: [20/200]	Time 0.059 (0.113)	Loss 0.0367 (0.0523)
2021-11-04 20:27:02,529 Test: [30/200]	Time 0.060 (0.096)	Loss 0.0584 (0.0541)
2021-11-04 20:27:03,138 Test: [40/200]	Time 0.061 (0.088)	Loss 0.0411 (0.0554)
2021-11-04 20:27:03,750 Test: [50/200]	Time 0.061 (0.082)	Loss 0.0846 (0.0551)
2021-11-04 20:27:04,364 Test: [60/200]	Time 0.060 (0.079)	Loss 0.0774 (0.0562)
2021-11-04 20:27:04,979 Test: [70/200]	Time 0.062 (0.077)	Loss 0.0627 (0.0555)
2021-11-04 20:27:05,588 Test: [80/200]	Time 0.060 (0.075)	Loss 0.0524 (0.0544)
2021-11-04 20:27:06,209 Test: [90/200]	Time 0.060 (0.073)	Loss 0.0874 (0.0566)
2021-11-04 20:27:06,819 Test: [100/200]	Time 0.062 (0.072)	Loss 0.0818 (0.0563)
2021-11-04 20:27:07,431 Test: [110/200]	Time 0.062 (0.071)	Loss 0.1231 (0.0572)
2021-11-04 20:27:08,047 Test: [120/200]	Time 0.060 (0.070)	Loss 0.0633 (0.0560)
2021-11-04 20:27:08,667 Test: [130/200]	Time 0.060 (0.070)	Loss 0.0471 (0.0562)
2021-11-04 20:27:09,298 Test: [140/200]	Time 0.063 (0.069)	Loss 0.0621 (0.0557)
2021-11-04 20:27:09,933 Test: [150/200]	Time 0.064 (0.069)	Loss 0.0381 (0.0547)
2021-11-04 20:27:10,563 Test: [160/200]	Time 0.061 (0.068)	Loss 0.0695 (0.0549)
2021-11-04 20:27:11,200 Test: [170/200]	Time 0.062 (0.068)	Loss 0.0516 (0.0545)
2021-11-04 20:27:11,836 Test: [180/200]	Time 0.064 (0.068)	Loss 0.0351 (0.0544)
2021-11-04 20:27:12,470 Test: [190/200]	Time 0.060 (0.068)	Loss 0.0220 (0.0546)
2021-11-04 20:27:18,846 Mean IoU score: 0.863
2021-11-04 20:27:18,847 => saving checkpoint to out
2021-11-04 20:27:21,405 Epoch: [17][0/200]	Time 2.537s (2.537s)	Speed 12.6 samples/s	Data 1.309s (1.309s)	Loss 0.00982 (0.00982)
2021-11-04 20:27:32,514 Epoch: [17][10/200]	Time 1.120s (1.241s)	Speed 28.6 samples/s	Data 0.001s (0.120s)	Loss 0.00846 (0.00835)
2021-11-04 20:27:43,585 Epoch: [17][20/200]	Time 1.115s (1.177s)	Speed 28.7 samples/s	Data 0.001s (0.063s)	Loss 0.00867 (0.00848)
2021-11-04 20:27:54,829 Epoch: [17][30/200]	Time 1.132s (1.160s)	Speed 28.3 samples/s	Data 0.001s (0.043s)	Loss 0.00806 (0.00836)
2021-11-04 20:28:06,378 Epoch: [17][40/200]	Time 1.145s (1.159s)	Speed 28.0 samples/s	Data 0.001s (0.033s)	Loss 0.00815 (0.00846)
2021-11-04 20:28:17,896 Epoch: [17][50/200]	Time 1.159s (1.157s)	Speed 27.6 samples/s	Data 0.001s (0.026s)	Loss 0.00918 (0.00844)
2021-11-04 20:28:29,575 Epoch: [17][60/200]	Time 1.178s (1.159s)	Speed 27.2 samples/s	Data 0.001s (0.022s)	Loss 0.01010 (0.00841)
2021-11-04 20:28:41,213 Epoch: [17][70/200]	Time 1.153s (1.160s)	Speed 27.8 samples/s	Data 0.001s (0.019s)	Loss 0.00734 (0.00839)
2021-11-04 20:28:52,661 Epoch: [17][80/200]	Time 1.154s (1.158s)	Speed 27.7 samples/s	Data 0.001s (0.017s)	Loss 0.00951 (0.00835)
2021-11-04 20:29:04,224 Epoch: [17][90/200]	Time 1.154s (1.158s)	Speed 27.7 samples/s	Data 0.001s (0.015s)	Loss 0.00835 (0.00834)
2021-11-04 20:29:15,741 Epoch: [17][100/200]	Time 1.198s (1.157s)	Speed 26.7 samples/s	Data 0.001s (0.014s)	Loss 0.00660 (0.00824)
2021-11-04 20:29:27,340 Epoch: [17][110/200]	Time 1.160s (1.157s)	Speed 27.6 samples/s	Data 0.001s (0.013s)	Loss 0.00600 (0.00825)
2021-11-04 20:29:38,903 Epoch: [17][120/200]	Time 1.119s (1.157s)	Speed 28.6 samples/s	Data 0.001s (0.012s)	Loss 0.00746 (0.00822)
2021-11-04 20:29:50,432 Epoch: [17][130/200]	Time 1.144s (1.157s)	Speed 28.0 samples/s	Data 0.001s (0.011s)	Loss 0.00876 (0.00821)
2021-11-04 20:30:02,137 Epoch: [17][140/200]	Time 1.193s (1.158s)	Speed 26.8 samples/s	Data 0.001s (0.010s)	Loss 0.00623 (0.00815)
2021-11-04 20:30:13,920 Epoch: [17][150/200]	Time 1.177s (1.159s)	Speed 27.2 samples/s	Data 0.001s (0.009s)	Loss 0.00642 (0.00812)
2021-11-04 20:30:25,701 Epoch: [17][160/200]	Time 1.190s (1.160s)	Speed 26.9 samples/s	Data 0.001s (0.009s)	Loss 0.00766 (0.00810)
2021-11-04 20:30:37,518 Epoch: [17][170/200]	Time 1.184s (1.162s)	Speed 27.0 samples/s	Data 0.001s (0.008s)	Loss 0.00777 (0.00811)
2021-11-04 20:30:49,341 Epoch: [17][180/200]	Time 1.190s (1.163s)	Speed 26.9 samples/s	Data 0.001s (0.008s)	Loss 0.00701 (0.00807)
2021-11-04 20:31:01,236 Epoch: [17][190/200]	Time 1.197s (1.164s)	Speed 26.7 samples/s	Data 0.001s (0.008s)	Loss 0.00790 (0.00804)
2021-11-04 20:31:32,989 Test: [0/200]	Time 1.228 (1.228)	Loss 0.0647 (0.0647)
2021-11-04 20:31:33,596 Test: [10/200]	Time 0.059 (0.167)	Loss 0.0084 (0.0454)
2021-11-04 20:31:34,209 Test: [20/200]	Time 0.061 (0.117)	Loss 0.0232 (0.0489)
2021-11-04 20:31:34,832 Test: [30/200]	Time 0.060 (0.099)	Loss 0.0496 (0.0510)
2021-11-04 20:31:35,461 Test: [40/200]	Time 0.064 (0.090)	Loss 0.0404 (0.0523)
2021-11-04 20:31:36,090 Test: [50/200]	Time 0.065 (0.085)	Loss 0.0699 (0.0518)
2021-11-04 20:31:36,732 Test: [60/200]	Time 0.066 (0.081)	Loss 0.0786 (0.0525)
2021-11-04 20:31:37,370 Test: [70/200]	Time 0.065 (0.079)	Loss 0.0530 (0.0523)
2021-11-04 20:31:38,004 Test: [80/200]	Time 0.063 (0.077)	Loss 0.0499 (0.0511)
2021-11-04 20:31:38,655 Test: [90/200]	Time 0.062 (0.076)	Loss 0.0847 (0.0534)
2021-11-04 20:31:39,302 Test: [100/200]	Time 0.063 (0.075)	Loss 0.0612 (0.0528)
2021-11-04 20:31:39,961 Test: [110/200]	Time 0.064 (0.074)	Loss 0.1351 (0.0538)
2021-11-04 20:31:40,626 Test: [120/200]	Time 0.063 (0.073)	Loss 0.0557 (0.0526)
2021-11-04 20:31:41,253 Test: [130/200]	Time 0.059 (0.072)	Loss 0.0444 (0.0528)
2021-11-04 20:31:41,888 Test: [140/200]	Time 0.060 (0.072)	Loss 0.0539 (0.0523)
2021-11-04 20:31:42,522 Test: [150/200]	Time 0.063 (0.071)	Loss 0.0406 (0.0513)
2021-11-04 20:31:43,150 Test: [160/200]	Time 0.063 (0.071)	Loss 0.0598 (0.0517)
2021-11-04 20:31:43,784 Test: [170/200]	Time 0.064 (0.070)	Loss 0.0397 (0.0513)
2021-11-04 20:31:44,413 Test: [180/200]	Time 0.062 (0.070)	Loss 0.0333 (0.0509)
2021-11-04 20:31:45,034 Test: [190/200]	Time 0.060 (0.069)	Loss 0.0200 (0.0510)
2021-11-04 20:31:51,366 Mean IoU score: 0.877
2021-11-04 20:31:51,371 => saving checkpoint to out
2021-11-04 20:31:54,189 Epoch: [18][0/200]	Time 2.804s (2.804s)	Speed 11.4 samples/s	Data 1.576s (1.576s)	Loss 0.00827 (0.00827)
2021-11-04 20:32:05,326 Epoch: [18][10/200]	Time 1.139s (1.267s)	Speed 28.1 samples/s	Data 0.000s (0.144s)	Loss 0.00570 (0.00736)
2021-11-04 20:32:16,485 Epoch: [18][20/200]	Time 1.105s (1.195s)	Speed 29.0 samples/s	Data 0.001s (0.076s)	Loss 0.00924 (0.00756)
2021-11-04 20:32:27,835 Epoch: [18][30/200]	Time 1.131s (1.176s)	Speed 28.3 samples/s	Data 0.001s (0.052s)	Loss 0.00654 (0.00731)
2021-11-04 20:32:39,236 Epoch: [18][40/200]	Time 1.116s (1.167s)	Speed 28.7 samples/s	Data 0.001s (0.039s)	Loss 0.00867 (0.00725)
2021-11-04 20:32:50,597 Epoch: [18][50/200]	Time 1.126s (1.161s)	Speed 28.4 samples/s	Data 0.001s (0.032s)	Loss 0.00670 (0.00716)
2021-11-04 20:33:02,001 Epoch: [18][60/200]	Time 1.187s (1.158s)	Speed 27.0 samples/s	Data 0.001s (0.027s)	Loss 0.00521 (0.00712)
2021-11-04 20:33:13,458 Epoch: [18][70/200]	Time 1.156s (1.156s)	Speed 27.7 samples/s	Data 0.001s (0.023s)	Loss 0.00754 (0.00707)
2021-11-04 20:33:25,253 Epoch: [18][80/200]	Time 1.203s (1.159s)	Speed 26.6 samples/s	Data 0.001s (0.020s)	Loss 0.00709 (0.00702)
2021-11-04 20:33:37,109 Epoch: [18][90/200]	Time 1.191s (1.162s)	Speed 26.9 samples/s	Data 0.001s (0.018s)	Loss 0.00627 (0.00709)
2021-11-04 20:33:48,911 Epoch: [18][100/200]	Time 1.234s (1.164s)	Speed 25.9 samples/s	Data 0.001s (0.016s)	Loss 0.00818 (0.00707)
2021-11-04 20:34:00,907 Epoch: [18][110/200]	Time 1.180s (1.167s)	Speed 27.1 samples/s	Data 0.001s (0.015s)	Loss 0.00812 (0.00709)
2021-11-04 20:34:12,563 Epoch: [18][120/200]	Time 1.156s (1.167s)	Speed 27.7 samples/s	Data 0.001s (0.014s)	Loss 0.00751 (0.00708)
2021-11-04 20:34:24,243 Epoch: [18][130/200]	Time 1.159s (1.167s)	Speed 27.6 samples/s	Data 0.001s (0.013s)	Loss 0.00864 (0.00709)
2021-11-04 20:34:35,821 Epoch: [18][140/200]	Time 1.125s (1.166s)	Speed 28.5 samples/s	Data 0.001s (0.012s)	Loss 0.00600 (0.00712)
2021-11-04 20:34:47,560 Epoch: [18][150/200]	Time 1.176s (1.167s)	Speed 27.2 samples/s	Data 0.001s (0.011s)	Loss 0.00696 (0.00711)
2021-11-04 20:34:59,344 Epoch: [18][160/200]	Time 1.202s (1.167s)	Speed 26.6 samples/s	Data 0.001s (0.011s)	Loss 0.00544 (0.00712)
2021-11-04 20:35:11,072 Epoch: [18][170/200]	Time 1.167s (1.168s)	Speed 27.4 samples/s	Data 0.001s (0.010s)	Loss 0.00772 (0.00709)
2021-11-04 20:35:22,923 Epoch: [18][180/200]	Time 1.184s (1.169s)	Speed 27.0 samples/s	Data 0.001s (0.010s)	Loss 0.00784 (0.00708)
2021-11-04 20:35:34,763 Epoch: [18][190/200]	Time 1.159s (1.170s)	Speed 27.6 samples/s	Data 0.001s (0.009s)	Loss 0.00741 (0.00707)
2021-11-04 20:36:06,507 Test: [0/200]	Time 1.118 (1.118)	Loss 0.0728 (0.0728)
2021-11-04 20:36:07,129 Test: [10/200]	Time 0.064 (0.158)	Loss 0.0103 (0.0471)
2021-11-04 20:36:07,749 Test: [20/200]	Time 0.061 (0.112)	Loss 0.0265 (0.0492)
2021-11-04 20:36:08,376 Test: [30/200]	Time 0.063 (0.096)	Loss 0.0571 (0.0526)
2021-11-04 20:36:09,009 Test: [40/200]	Time 0.061 (0.088)	Loss 0.0404 (0.0536)
2021-11-04 20:36:09,628 Test: [50/200]	Time 0.060 (0.083)	Loss 0.0766 (0.0532)
2021-11-04 20:36:10,243 Test: [60/200]	Time 0.063 (0.080)	Loss 0.0692 (0.0542)
2021-11-04 20:36:10,873 Test: [70/200]	Time 0.062 (0.077)	Loss 0.0547 (0.0540)
2021-11-04 20:36:11,510 Test: [80/200]	Time 0.064 (0.076)	Loss 0.0492 (0.0527)
2021-11-04 20:36:12,153 Test: [90/200]	Time 0.064 (0.074)	Loss 0.0657 (0.0544)
2021-11-04 20:36:12,805 Test: [100/200]	Time 0.065 (0.073)	Loss 0.0709 (0.0539)
2021-11-04 20:36:13,433 Test: [110/200]	Time 0.062 (0.072)	Loss 0.1281 (0.0550)
2021-11-04 20:36:14,057 Test: [120/200]	Time 0.061 (0.072)	Loss 0.0575 (0.0538)
2021-11-04 20:36:14,696 Test: [130/200]	Time 0.064 (0.071)	Loss 0.0421 (0.0538)
2021-11-04 20:36:15,332 Test: [140/200]	Time 0.062 (0.071)	Loss 0.0595 (0.0532)
2021-11-04 20:36:15,978 Test: [150/200]	Time 0.067 (0.070)	Loss 0.0417 (0.0522)
2021-11-04 20:36:16,614 Test: [160/200]	Time 0.064 (0.070)	Loss 0.0636 (0.0526)
2021-11-04 20:36:17,260 Test: [170/200]	Time 0.065 (0.069)	Loss 0.0437 (0.0521)
2021-11-04 20:36:17,911 Test: [180/200]	Time 0.063 (0.069)	Loss 0.0333 (0.0518)
2021-11-04 20:36:18,561 Test: [190/200]	Time 0.064 (0.069)	Loss 0.0219 (0.0518)
2021-11-04 20:36:24,917 Mean IoU score: 0.875
2021-11-04 20:36:24,918 => saving checkpoint to out
2021-11-04 20:36:27,600 Epoch: [19][0/200]	Time 2.670s (2.670s)	Speed 12.0 samples/s	Data 1.443s (1.443s)	Loss 0.00741 (0.00741)
2021-11-04 20:36:38,867 Epoch: [19][10/200]	Time 1.116s (1.267s)	Speed 28.7 samples/s	Data 0.000s (0.132s)	Loss 0.00738 (0.00639)
2021-11-04 20:36:50,151 Epoch: [19][20/200]	Time 1.124s (1.201s)	Speed 28.5 samples/s	Data 0.001s (0.069s)	Loss 0.00603 (0.00621)
2021-11-04 20:37:01,564 Epoch: [19][30/200]	Time 1.167s (1.182s)	Speed 27.4 samples/s	Data 0.001s (0.047s)	Loss 0.00743 (0.00626)
2021-11-04 20:37:13,248 Epoch: [19][40/200]	Time 1.415s (1.179s)	Speed 22.6 samples/s	Data 0.001s (0.036s)	Loss 0.00562 (0.00625)
2021-11-04 20:37:25,484 Epoch: [19][50/200]	Time 1.177s (1.187s)	Speed 27.2 samples/s	Data 0.001s (0.029s)	Loss 0.00679 (0.00632)
2021-11-04 20:37:37,103 Epoch: [19][60/200]	Time 1.141s (1.183s)	Speed 28.0 samples/s	Data 0.001s (0.024s)	Loss 0.00694 (0.00632)
2021-11-04 20:37:48,709 Epoch: [19][70/200]	Time 1.176s (1.180s)	Speed 27.2 samples/s	Data 0.001s (0.021s)	Loss 0.00588 (0.00629)
2021-11-04 20:38:00,425 Epoch: [19][80/200]	Time 1.142s (1.179s)	Speed 28.0 samples/s	Data 0.001s (0.019s)	Loss 0.00656 (0.00631)
2021-11-04 20:38:12,058 Epoch: [19][90/200]	Time 1.150s (1.177s)	Speed 27.8 samples/s	Data 0.001s (0.017s)	Loss 0.00629 (0.00635)
2021-11-04 20:38:23,680 Epoch: [19][100/200]	Time 1.145s (1.176s)	Speed 27.9 samples/s	Data 0.001s (0.015s)	Loss 0.00766 (0.00637)
2021-11-04 20:38:35,335 Epoch: [19][110/200]	Time 1.180s (1.175s)	Speed 27.1 samples/s	Data 0.001s (0.014s)	Loss 0.00578 (0.00635)
2021-11-04 20:38:46,999 Epoch: [19][120/200]	Time 1.135s (1.174s)	Speed 28.2 samples/s	Data 0.001s (0.013s)	Loss 0.00634 (0.00634)
2021-11-04 20:38:58,647 Epoch: [19][130/200]	Time 1.159s (1.173s)	Speed 27.6 samples/s	Data 0.001s (0.012s)	Loss 0.00658 (0.00635)
2021-11-04 20:39:10,569 Epoch: [19][140/200]	Time 1.173s (1.175s)	Speed 27.3 samples/s	Data 0.001s (0.011s)	Loss 0.00570 (0.00641)
2021-11-04 20:39:22,666 Epoch: [19][150/200]	Time 1.179s (1.177s)	Speed 27.1 samples/s	Data 0.001s (0.010s)	Loss 0.00639 (0.00643)
2021-11-04 20:39:34,736 Epoch: [19][160/200]	Time 1.241s (1.179s)	Speed 25.8 samples/s	Data 0.001s (0.010s)	Loss 0.00782 (0.00646)
2021-11-04 20:39:46,577 Epoch: [19][170/200]	Time 1.174s (1.179s)	Speed 27.3 samples/s	Data 0.001s (0.009s)	Loss 0.00525 (0.00644)
2021-11-04 20:39:58,134 Epoch: [19][180/200]	Time 1.153s (1.178s)	Speed 27.7 samples/s	Data 0.001s (0.009s)	Loss 0.00666 (0.00643)
2021-11-04 20:40:09,764 Epoch: [19][190/200]	Time 1.175s (1.177s)	Speed 27.2 samples/s	Data 0.001s (0.008s)	Loss 0.00685 (0.00646)
2021-11-04 20:40:41,474 Test: [0/200]	Time 1.150 (1.150)	Loss 0.0849 (0.0849)
2021-11-04 20:40:42,089 Test: [10/200]	Time 0.061 (0.160)	Loss 0.0141 (0.0486)
2021-11-04 20:40:42,699 Test: [20/200]	Time 0.060 (0.113)	Loss 0.0254 (0.0502)
2021-11-04 20:40:43,317 Test: [30/200]	Time 0.063 (0.097)	Loss 0.0541 (0.0525)
2021-11-04 20:40:43,933 Test: [40/200]	Time 0.062 (0.088)	Loss 0.0457 (0.0543)
2021-11-04 20:40:44,553 Test: [50/200]	Time 0.061 (0.083)	Loss 0.0772 (0.0534)
2021-11-04 20:40:45,177 Test: [60/200]	Time 0.060 (0.080)	Loss 0.0717 (0.0542)
2021-11-04 20:40:45,805 Test: [70/200]	Time 0.064 (0.077)	Loss 0.0489 (0.0540)
2021-11-04 20:40:46,437 Test: [80/200]	Time 0.060 (0.075)	Loss 0.0528 (0.0527)
2021-11-04 20:40:47,096 Test: [90/200]	Time 0.067 (0.074)	Loss 0.0748 (0.0546)
2021-11-04 20:40:47,777 Test: [100/200]	Time 0.069 (0.074)	Loss 0.0655 (0.0540)
2021-11-04 20:40:48,471 Test: [110/200]	Time 0.063 (0.073)	Loss 0.1473 (0.0552)
2021-11-04 20:40:49,114 Test: [120/200]	Time 0.064 (0.073)	Loss 0.0569 (0.0539)
2021-11-04 20:40:49,791 Test: [130/200]	Time 0.062 (0.072)	Loss 0.0407 (0.0540)
2021-11-04 20:40:50,411 Test: [140/200]	Time 0.065 (0.072)	Loss 0.0514 (0.0534)
2021-11-04 20:40:51,043 Test: [150/200]	Time 0.060 (0.071)	Loss 0.0386 (0.0524)
2021-11-04 20:40:51,657 Test: [160/200]	Time 0.059 (0.070)	Loss 0.0526 (0.0526)
2021-11-04 20:40:52,254 Test: [170/200]	Time 0.059 (0.070)	Loss 0.0377 (0.0522)
2021-11-04 20:40:52,851 Test: [180/200]	Time 0.060 (0.069)	Loss 0.0312 (0.0518)
2021-11-04 20:40:53,484 Test: [190/200]	Time 0.064 (0.069)	Loss 0.0207 (0.0519)
2021-11-04 20:40:59,849 Mean IoU score: 0.878
2021-11-04 20:40:59,853 => saving checkpoint to out
2021-11-04 20:40:59,875 saving final model state to out/final_state.pth.tar
